INFO  04:34:41 Application started. Press Ctrl+C to shut down.
INFO  04:34:41 Application started. Press Ctrl+C to shut down.
INFO  04:34:41 Hosting environment: Development
INFO  04:34:41 Hosting environment: Development
INFO  04:34:41 Content root path: D:\.NET\Pg_Rental_System\Pg_Service
INFO  04:34:41 Content root path: D:\.NET\Pg_Rental_System\Pg_Service
INFO  04:34:43  Http GET request
INFO  08:20:04 Application started. Press Ctrl+C to shut down.
INFO  08:20:04 Application started. Press Ctrl+C to shut down.
INFO  08:20:04 Hosting environment: Development
INFO  08:20:04 Hosting environment: Development
INFO  08:20:04 Content root path: D:\.NET\Pg_Rental_System\Pg_Service
INFO  08:20:04 Content root path: D:\.NET\Pg_Rental_System\Pg_Service
INFO  08:24:03 Application started. Press Ctrl+C to shut down.
INFO  08:24:03 Application started. Press Ctrl+C to shut down.
INFO  08:24:03 Hosting environment: Development
INFO  08:24:03 Hosting environment: Development
INFO  08:24:03 Content root path: D:\.NET\Pg_Rental_System\Pg_Service
INFO  08:24:03 Content root path: D:\.NET\Pg_Rental_System\Pg_Service
INFO  08:24:16  Http GET request
INFO  08:24:19  Http GET request
INFO  09:11:44 Application started. Press Ctrl+C to shut down.
INFO  09:11:44 Application started. Press Ctrl+C to shut down.
INFO  09:11:44 Hosting environment: Development
INFO  09:11:44 Hosting environment: Development
INFO  09:11:44 Content root path: D:\.NET\Pg_Rental_System\Pg_Service
INFO  09:11:44 Content root path: D:\.NET\Pg_Rental_System\Pg_Service
INFO  09:28:28 Application started. Press Ctrl+C to shut down.
INFO  09:28:28 Application started. Press Ctrl+C to shut down.
INFO  09:28:28 Hosting environment: Development
INFO  09:28:28 Hosting environment: Development
INFO  09:28:28 Content root path: D:\.NET\Pg_Rental_System\Pg_Service
INFO  09:28:28 Content root path: D:\.NET\Pg_Rental_System\Pg_Service
INFO  09:29:57 Application started. Press Ctrl+C to shut down.
INFO  09:29:57 Application started. Press Ctrl+C to shut down.
INFO  09:29:57 Hosting environment: Development
INFO  09:29:57 Hosting environment: Development
INFO  09:29:57 Content root path: D:\.NET\Pg_Rental_System\Pg_Service
INFO  09:29:57 Content root path: D:\.NET\Pg_Rental_System\Pg_Service
INFO  09:30:33  Http GET request
INFO  09:31:08  Http GET request
INFO  09:33:31 Application started. Press Ctrl+C to shut down.
INFO  09:33:31 Application started. Press Ctrl+C to shut down.
INFO  09:33:31 Hosting environment: Development
INFO  09:33:31 Hosting environment: Development
INFO  09:33:31 Content root path: D:\.NET\Pg_Rental_System\Pg_Service
INFO  09:33:31 Content root path: D:\.NET\Pg_Rental_System\Pg_Service
INFO  09:33:49  Http GET request
INFO  09:35:06  Http GET request
INFO  09:36:58 Application started. Press Ctrl+C to shut down.
INFO  09:36:59 Application started. Press Ctrl+C to shut down.
INFO  09:36:59 Hosting environment: Development
INFO  09:36:59 Hosting environment: Development
INFO  09:36:59 Content root path: D:\.NET\Pg_Rental_System\Pg_Service
INFO  09:36:59 Content root path: D:\.NET\Pg_Rental_System\Pg_Service
INFO  09:37:17  Http GET request
INFO  09:38:05  Http GET request
INFO  09:59:05 Application started. Press Ctrl+C to shut down.
INFO  09:59:05 Application started. Press Ctrl+C to shut down.
INFO  09:59:05 Hosting environment: Development
INFO  09:59:05 Hosting environment: Development
INFO  09:59:05 Content root path: D:\.NET\Pg_Rental_System\Pg_Service
INFO  09:59:05 Content root path: D:\.NET\Pg_Rental_System\Pg_Service
INFO  09:59:46  Http GET request
INFO  10:00:33  Http GET request
INFO  10:47:54 Application started. Press Ctrl+C to shut down.
INFO  10:47:54 Application started. Press Ctrl+C to shut down.
INFO  10:47:54 Hosting environment: Development
INFO  10:47:54 Hosting environment: Development
INFO  10:47:55 Content root path: D:\.NET\Pg_Rental_System\Pg_Service
INFO  10:47:55 Content root path: D:\.NET\Pg_Rental_System\Pg_Service
INFO  10:50:44  Http GET request
INFO  10:55:01 Application started. Press Ctrl+C to shut down.
INFO  10:55:01 Application started. Press Ctrl+C to shut down.
INFO  10:55:01 Hosting environment: Development
INFO  10:55:01 Hosting environment: Development
INFO  10:55:01 Content root path: D:\.NET\Pg_Rental_System\Pg_Service
INFO  10:55:01 Content root path: D:\.NET\Pg_Rental_System\Pg_Service
INFO  10:55:39  Http GET request
INFO  10:58:52 Application started. Press Ctrl+C to shut down.
INFO  10:58:52 Application started. Press Ctrl+C to shut down.
INFO  10:58:52 Hosting environment: Development
INFO  10:58:52 Hosting environment: Development
INFO  10:58:52 Content root path: D:\.NET\Pg_Rental_System\Pg_Service
INFO  10:58:52 Content root path: D:\.NET\Pg_Rental_System\Pg_Service
INFO  10:59:29  Http GET request
INFO  11:05:17 Application started. Press Ctrl+C to shut down.
INFO  11:05:17 Application started. Press Ctrl+C to shut down.
INFO  11:05:18 Hosting environment: Development
INFO  11:05:18 Hosting environment: Development
INFO  11:05:18 Content root path: D:\.NET\Pg_Rental_System\Pg_Service
INFO  11:05:18 Content root path: D:\.NET\Pg_Rental_System\Pg_Service
INFO  11:05:39  Http GET request
INFO  11:11:50 Application started. Press Ctrl+C to shut down.
INFO  11:11:50 Application started. Press Ctrl+C to shut down.
INFO  11:11:50 Hosting environment: Development
INFO  11:11:50 Hosting environment: Development
INFO  11:11:50 Content root path: D:\.NET\Pg_Rental_System\Pg_Service
INFO  11:11:50 Content root path: D:\.NET\Pg_Rental_System\Pg_Service
INFO  11:12:09  Http GET request
INFO  11:14:05 Application started. Press Ctrl+C to shut down.
INFO  11:14:05 Application started. Press Ctrl+C to shut down.
INFO  11:14:06 Hosting environment: Development
INFO  11:14:06 Hosting environment: Development
INFO  11:14:06 Content root path: D:\.NET\Pg_Rental_System\Pg_Service
INFO  11:14:06 Content root path: D:\.NET\Pg_Rental_System\Pg_Service
INFO  11:14:27  Http GET request
INFO  11:22:15 Application started. Press Ctrl+C to shut down.
INFO  11:22:15 Application started. Press Ctrl+C to shut down.
INFO  11:22:15 Hosting environment: Development
INFO  11:22:15 Hosting environment: Development
INFO  11:22:15 Content root path: D:\.NET\Pg_Rental_System\Pg_Service
INFO  11:22:15 Content root path: D:\.NET\Pg_Rental_System\Pg_Service
INFO  11:22:31  Http GET request
INFO  11:23:45  Http GET request
INFO  11:24:48 Application started. Press Ctrl+C to shut down.
INFO  11:24:48 Application started. Press Ctrl+C to shut down.
INFO  11:24:48 Hosting environment: Development
INFO  11:24:48 Hosting environment: Development
INFO  11:24:48 Content root path: D:\.NET\Pg_Rental_System\Pg_Service
INFO  11:24:48 Content root path: D:\.NET\Pg_Rental_System\Pg_Service
INFO  11:25:05  Http GET request
INFO  11:26:01  Http GET request
INFO  08:51:44 Application started. Press Ctrl+C to shut down.
INFO  08:51:44 Application started. Press Ctrl+C to shut down.
INFO  08:51:44 Hosting environment: Development
INFO  08:51:44 Hosting environment: Development
INFO  08:51:44 Content root path: D:\.NET\Pg_Rental_System\Pg_Service
INFO  08:51:44 Content root path: D:\.NET\Pg_Rental_System\Pg_Service
INFO  08:52:04  Http GET is accesed
INFO  08:52:49 Http Get by Id is accessed
INFO  09:29:00 Application started. Press Ctrl+C to shut down.
INFO  09:29:01 Application started. Press Ctrl+C to shut down.
INFO  09:29:01 Hosting environment: Development
INFO  09:29:01 Hosting environment: Development
INFO  09:29:01 Content root path: D:\.NET\Pg_Rental_System\Pg_Service
INFO  09:29:01 Content root path: D:\.NET\Pg_Rental_System\Pg_Service
INFO  09:29:17  Http GET is accesed
INFO  10:24:09 Application started. Press Ctrl+C to shut down.
INFO  10:24:09 Application started. Press Ctrl+C to shut down.
INFO  10:24:09 Hosting environment: Development
INFO  10:24:09 Hosting environment: Development
INFO  10:24:09 Content root path: D:\.NET\Pg_Rental_System\Pg_Service
INFO  10:24:09 Content root path: D:\.NET\Pg_Rental_System\Pg_Service
INFO  10:26:38  Http GET is accesed
INFO  10:26:55  Http GET is accesed
INFO  10:28:35 Http Get by Id is accessed
INFO  10:28:50 Http Get by Id is accessed
INFO  10:29:16  Http GET is accesed
INFO  10:36:12 Application started. Press Ctrl+C to shut down.
INFO  10:36:12 Application started. Press Ctrl+C to shut down.
INFO  10:36:12 Hosting environment: Development
INFO  10:36:12 Hosting environment: Development
INFO  10:36:12 Content root path: D:\.NET\Pg_Rental_System\Pg_Service
INFO  10:36:12 Content root path: D:\.NET\Pg_Rental_System\Pg_Service
INFO  10:51:13 Application started. Press Ctrl+C to shut down.
INFO  10:51:13 Application started. Press Ctrl+C to shut down.
INFO  10:51:13 Hosting environment: Development
INFO  10:51:13 Hosting environment: Development
INFO  10:51:13 Content root path: D:\.NET\Pg_Rental_System\Pg_Service
INFO  10:51:13 Content root path: D:\.NET\Pg_Rental_System\Pg_Service
INFO  10:54:19 Application started. Press Ctrl+C to shut down.
INFO  10:54:19 Application started. Press Ctrl+C to shut down.
INFO  10:54:19 Hosting environment: Development
INFO  10:54:19 Hosting environment: Development
INFO  10:54:19 Content root path: D:\.NET\Pg_Rental_System\Pg_Service
INFO  10:54:19 Content root path: D:\.NET\Pg_Rental_System\Pg_Service
INFO  10:55:42  Http GET is accesed
INFO  11:07:25 Application started. Press Ctrl+C to shut down.
INFO  11:07:25 Application started. Press Ctrl+C to shut down.
INFO  11:07:25 Hosting environment: Development
INFO  11:07:25 Hosting environment: Development
INFO  11:07:25 Content root path: D:\.NET\Pg_Rental_System\Pg_Service
INFO  11:07:25 Content root path: D:\.NET\Pg_Rental_System\Pg_Service
INFO  11:10:53 Application started. Press Ctrl+C to shut down.
INFO  11:10:53 Application started. Press Ctrl+C to shut down.
INFO  11:10:53 Hosting environment: Development
INFO  11:10:53 Hosting environment: Development
INFO  11:10:54 Content root path: D:\.NET\Pg_Rental_System\Pg_Service
INFO  11:10:54 Content root path: D:\.NET\Pg_Rental_System\Pg_Service
INFO  11:12:45 Application started. Press Ctrl+C to shut down.
INFO  11:12:45 Application started. Press Ctrl+C to shut down.
INFO  11:12:45 Hosting environment: Development
INFO  11:12:45 Hosting environment: Development
INFO  11:12:45 Content root path: D:\.NET\Pg_Rental_System\Pg_Service
INFO  11:12:45 Content root path: D:\.NET\Pg_Rental_System\Pg_Service
INFO  11:16:44 Application started. Press Ctrl+C to shut down.
INFO  11:16:44 Application started. Press Ctrl+C to shut down.
INFO  11:16:44 Hosting environment: Development
INFO  11:16:44 Hosting environment: Development
INFO  11:16:44 Content root path: D:\.NET\Pg_Rental_System\Pg_Service
INFO  11:16:44 Content root path: D:\.NET\Pg_Rental_System\Pg_Service
INFO  11:25:23 Application started. Press Ctrl+C to shut down.
INFO  11:25:24 Application started. Press Ctrl+C to shut down.
INFO  11:25:24 Hosting environment: Development
INFO  11:25:24 Hosting environment: Development
INFO  11:25:24 Content root path: D:\.NET\Pg_Rental_System\Pg_Service
INFO  11:25:24 Content root path: D:\.NET\Pg_Rental_System\Pg_Service
INFO  11:31:33 Application started. Press Ctrl+C to shut down.
INFO  11:31:33 Application started. Press Ctrl+C to shut down.
INFO  11:31:33 Hosting environment: Development
INFO  11:31:33 Hosting environment: Development
INFO  11:31:34 Content root path: D:\.NET\Pg_Rental_System\Pg_Service
INFO  11:31:34 Content root path: D:\.NET\Pg_Rental_System\Pg_Service
INFO  11:35:19 Application started. Press Ctrl+C to shut down.
INFO  11:35:19 Application started. Press Ctrl+C to shut down.
INFO  11:35:19 Hosting environment: Development
INFO  11:35:19 Hosting environment: Development
INFO  11:35:19 Content root path: D:\.NET\Pg_Rental_System\Pg_Service
INFO  11:35:19 Content root path: D:\.NET\Pg_Rental_System\Pg_Service
INFO  11:36:45 Application started. Press Ctrl+C to shut down.
INFO  11:36:45 Application started. Press Ctrl+C to shut down.
INFO  11:36:45 Hosting environment: Development
INFO  11:36:45 Hosting environment: Development
INFO  11:36:45 Content root path: D:\.NET\Pg_Rental_System\Pg_Service
INFO  11:36:45 Content root path: D:\.NET\Pg_Rental_System\Pg_Service
INFO  11:46:05 Application started. Press Ctrl+C to shut down.
INFO  11:46:05 Application started. Press Ctrl+C to shut down.
INFO  11:46:05 Hosting environment: Development
INFO  11:46:05 Hosting environment: Development
INFO  11:46:05 Content root path: D:\.NET\Pg_Rental_System\Pg_Service
INFO  11:46:05 Content root path: D:\.NET\Pg_Rental_System\Pg_Service
INFO  11:53:36 Application started. Press Ctrl+C to shut down.
INFO  11:53:36 Application started. Press Ctrl+C to shut down.
INFO  11:53:36 Hosting environment: Development
INFO  11:53:36 Hosting environment: Development
INFO  11:53:36 Content root path: D:\.NET\Pg_Rental_System\Pg_Service
INFO  11:53:36 Content root path: D:\.NET\Pg_Rental_System\Pg_Service
INFO  12:02:00 Application started. Press Ctrl+C to shut down.
INFO  12:02:00 Application started. Press Ctrl+C to shut down.
INFO  12:02:00 Hosting environment: Development
INFO  12:02:00 Hosting environment: Development
INFO  12:02:00 Content root path: D:\.NET\Pg_Rental_System\Pg_Service
INFO  12:02:00 Content root path: D:\.NET\Pg_Rental_System\Pg_Service
INFO  03:53:09 Application started. Press Ctrl+C to shut down.
INFO  03:53:09 Application started. Press Ctrl+C to shut down.
INFO  03:53:10 Hosting environment: Development
INFO  03:53:10 Hosting environment: Development
INFO  03:53:10 Content root path: D:\.NET\Pg_Rental_System\Pg_Service
INFO  03:53:10 Content root path: D:\.NET\Pg_Rental_System\Pg_Service
ERROR 03:54:49 An unhandled exception has occurred while executing the request.
System.InvalidOperationException: The DbContext of type 'PgDbContext' cannot be pooled because it does not have a single public constructor accepting a single parameter of type DbContextOptions.
   at Microsoft.EntityFrameworkCore.Internal.DbContextPool`1..ctor(DbContextOptions options)
   at Microsoft.Extensions.DependencyInjection.EntityFrameworkServiceCollectionExtensions.<>c__5`2.<AddDbContextPool>b__5_1(IServiceProvider sp)
   at Microsoft.Extensions.DependencyInjection.ServiceLookup.CallSiteRuntimeResolver.VisitFactory(FactoryCallSite factoryCallSite, RuntimeResolverContext context)
   at Microsoft.Extensions.DependencyInjection.ServiceLookup.CallSiteVisitor`2.VisitCallSiteMain(ServiceCallSite callSite, TArgument argument)
   at Microsoft.Extensions.DependencyInjection.ServiceLookup.CallSiteRuntimeResolver.VisitCache(ServiceCallSite callSite, RuntimeResolverContext context, ServiceProviderEngineScope serviceProviderEngine, RuntimeResolverLock lockType)
   at Microsoft.Extensions.DependencyInjection.ServiceLookup.CallSiteRuntimeResolver.VisitRootCache(ServiceCallSite singletonCallSite, RuntimeResolverContext context)
   at Microsoft.Extensions.DependencyInjection.ServiceLookup.CallSiteVisitor`2.VisitCallSite(ServiceCallSite callSite, TArgument argument)
   at Microsoft.Extensions.DependencyInjection.ServiceLookup.CallSiteRuntimeResolver.VisitConstructor(ConstructorCallSite constructorCallSite, RuntimeResolverContext context)
   at Microsoft.Extensions.DependencyInjection.ServiceLookup.CallSiteVisitor`2.VisitCallSiteMain(ServiceCallSite callSite, TArgument argument)
   at Microsoft.Extensions.DependencyInjection.ServiceLookup.CallSiteRuntimeResolver.VisitCache(ServiceCallSite callSite, RuntimeResolverContext context, ServiceProviderEngineScope serviceProviderEngine, RuntimeResolverLock lockType)
   at Microsoft.Extensions.DependencyInjection.ServiceLookup.CallSiteRuntimeResolver.VisitScopeCache(ServiceCallSite singletonCallSite, RuntimeResolverContext context)
   at Microsoft.Extensions.DependencyInjection.ServiceLookup.CallSiteVisitor`2.VisitCallSite(ServiceCallSite callSite, TArgument argument)
   at Microsoft.Extensions.DependencyInjection.ServiceLookup.CallSiteRuntimeResolver.Resolve(ServiceCallSite callSite, ServiceProviderEngineScope scope)
   at Microsoft.Extensions.DependencyInjection.ServiceLookup.DynamicServiceProviderEngine.<>c__DisplayClass1_0.<RealizeService>b__0(ServiceProviderEngineScope scope)
   at Microsoft.Extensions.DependencyInjection.ServiceLookup.ServiceProviderEngine.GetService(Type serviceType, ServiceProviderEngineScope serviceProviderEngineScope)
   at Microsoft.Extensions.DependencyInjection.ServiceLookup.ServiceProviderEngineScope.GetService(Type serviceType)
   at Microsoft.Extensions.DependencyInjection.ServiceProviderServiceExtensions.GetService[T](IServiceProvider provider)
   at Microsoft.Extensions.DependencyInjection.EntityFrameworkServiceCollectionExtensions.<>c__5`2.<AddDbContextPool>b__5_2(IServiceProvider sp)
   at Microsoft.Extensions.DependencyInjection.ServiceLookup.CallSiteRuntimeResolver.VisitFactory(FactoryCallSite factoryCallSite, RuntimeResolverContext context)
   at Microsoft.Extensions.DependencyInjection.ServiceLookup.CallSiteVisitor`2.VisitCallSiteMain(ServiceCallSite callSite, TArgument argument)
   at Microsoft.Extensions.DependencyInjection.ServiceLookup.CallSiteRuntimeResolver.VisitCache(ServiceCallSite callSite, RuntimeResolverContext context, ServiceProviderEngineScope serviceProviderEngine, RuntimeResolverLock lockType)
   at Microsoft.Extensions.DependencyInjection.ServiceLookup.CallSiteRuntimeResolver.VisitScopeCache(ServiceCallSite singletonCallSite, RuntimeResolverContext context)
   at Microsoft.Extensions.DependencyInjection.ServiceLookup.CallSiteVisitor`2.VisitCallSite(ServiceCallSite callSite, TArgument argument)
   at Microsoft.Extensions.DependencyInjection.ServiceLookup.CallSiteRuntimeResolver.VisitConstructor(ConstructorCallSite constructorCallSite, RuntimeResolverContext context)
   at Microsoft.Extensions.DependencyInjection.ServiceLookup.CallSiteVisitor`2.VisitCallSiteMain(ServiceCallSite callSite, TArgument argument)
   at Microsoft.Extensions.DependencyInjection.ServiceLookup.CallSiteRuntimeResolver.VisitDisposeCache(ServiceCallSite transientCallSite, RuntimeResolverContext context)
   at Microsoft.Extensions.DependencyInjection.ServiceLookup.CallSiteVisitor`2.VisitCallSite(ServiceCallSite callSite, TArgument argument)
   at Microsoft.Extensions.DependencyInjection.ServiceLookup.CallSiteRuntimeResolver.Resolve(ServiceCallSite callSite, ServiceProviderEngineScope scope)
   at Microsoft.Extensions.DependencyInjection.ServiceLookup.DynamicServiceProviderEngine.<>c__DisplayClass1_0.<RealizeService>b__0(ServiceProviderEngineScope scope)
   at Microsoft.Extensions.DependencyInjection.ServiceLookup.ServiceProviderEngine.GetService(Type serviceType, ServiceProviderEngineScope serviceProviderEngineScope)
   at Microsoft.Extensions.DependencyInjection.ServiceLookup.ServiceProviderEngineScope.GetService(Type serviceType)
   at Microsoft.Extensions.DependencyInjection.ActivatorUtilities.GetService(IServiceProvider sp, Type type, Type requiredBy, Boolean isDefaultParameterRequired)
   at lambda_method(Closure , IServiceProvider , Object[] )
   at Microsoft.AspNetCore.Mvc.Controllers.ControllerActivatorProvider.<>c__DisplayClass4_0.<CreateActivator>b__0(ControllerContext controllerContext)
   at Microsoft.AspNetCore.Mvc.Controllers.ControllerFactoryProvider.<>c__DisplayClass5_0.<CreateControllerFactory>g__CreateController|0(ControllerContext controllerContext)
   at Microsoft.AspNetCore.Mvc.Infrastructure.ControllerActionInvoker.Next(State& next, Scope& scope, Object& state, Boolean& isCompleted)
   at Microsoft.AspNetCore.Mvc.Infrastructure.ControllerActionInvoker.InvokeInnerFilterAsync()
--- End of stack trace from previous location where exception was thrown ---
   at Microsoft.AspNetCore.Mvc.Infrastructure.ResourceInvoker.<InvokeNextResourceFilter>g__Awaited|24_0(ResourceInvoker invoker, Task lastTask, State next, Scope scope, Object state, Boolean isCompleted)
   at Microsoft.AspNetCore.Mvc.Infrastructure.ResourceInvoker.Rethrow(ResourceExecutedContextSealed context)
   at Microsoft.AspNetCore.Mvc.Infrastructure.ResourceInvoker.Next(State& next, Scope& scope, Object& state, Boolean& isCompleted)
   at Microsoft.AspNetCore.Mvc.Infrastructure.ResourceInvoker.InvokeFilterPipelineAsync()
--- End of stack trace from previous location where exception was thrown ---
   at Microsoft.AspNetCore.Mvc.Infrastructure.ResourceInvoker.<InvokeAsync>g__Awaited|17_0(ResourceInvoker invoker, Task task, IDisposable scope)
   at Microsoft.AspNetCore.Routing.EndpointMiddleware.<Invoke>g__AwaitRequestTask|6_0(Endpoint endpoint, Task requestTask, ILogger logger)
   at Microsoft.AspNetCore.Authorization.AuthorizationMiddleware.Invoke(HttpContext context)
   at Microsoft.AspNetCore.Authentication.AuthenticationMiddleware.Invoke(HttpContext context)
   at Swashbuckle.AspNetCore.SwaggerUI.SwaggerUIMiddleware.Invoke(HttpContext httpContext)
   at Swashbuckle.AspNetCore.Swagger.SwaggerMiddleware.Invoke(HttpContext httpContext, ISwaggerProvider swaggerProvider)
   at Microsoft.AspNetCore.Diagnostics.DeveloperExceptionPageMiddleware.Invoke(HttpContext context)
ERROR 03:54:49 An unhandled exception has occurred while executing the request.
System.InvalidOperationException: The DbContext of type 'PgDbContext' cannot be pooled because it does not have a single public constructor accepting a single parameter of type DbContextOptions.
   at Microsoft.EntityFrameworkCore.Internal.DbContextPool`1..ctor(DbContextOptions options)
   at Microsoft.Extensions.DependencyInjection.EntityFrameworkServiceCollectionExtensions.<>c__5`2.<AddDbContextPool>b__5_1(IServiceProvider sp)
   at Microsoft.Extensions.DependencyInjection.ServiceLookup.CallSiteRuntimeResolver.VisitFactory(FactoryCallSite factoryCallSite, RuntimeResolverContext context)
   at Microsoft.Extensions.DependencyInjection.ServiceLookup.CallSiteVisitor`2.VisitCallSiteMain(ServiceCallSite callSite, TArgument argument)
   at Microsoft.Extensions.DependencyInjection.ServiceLookup.CallSiteRuntimeResolver.VisitCache(ServiceCallSite callSite, RuntimeResolverContext context, ServiceProviderEngineScope serviceProviderEngine, RuntimeResolverLock lockType)
   at Microsoft.Extensions.DependencyInjection.ServiceLookup.CallSiteRuntimeResolver.VisitRootCache(ServiceCallSite singletonCallSite, RuntimeResolverContext context)
   at Microsoft.Extensions.DependencyInjection.ServiceLookup.CallSiteVisitor`2.VisitCallSite(ServiceCallSite callSite, TArgument argument)
   at Microsoft.Extensions.DependencyInjection.ServiceLookup.CallSiteRuntimeResolver.VisitConstructor(ConstructorCallSite constructorCallSite, RuntimeResolverContext context)
   at Microsoft.Extensions.DependencyInjection.ServiceLookup.CallSiteVisitor`2.VisitCallSiteMain(ServiceCallSite callSite, TArgument argument)
   at Microsoft.Extensions.DependencyInjection.ServiceLookup.CallSiteRuntimeResolver.VisitCache(ServiceCallSite callSite, RuntimeResolverContext context, ServiceProviderEngineScope serviceProviderEngine, RuntimeResolverLock lockType)
   at Microsoft.Extensions.DependencyInjection.ServiceLookup.CallSiteRuntimeResolver.VisitScopeCache(ServiceCallSite singletonCallSite, RuntimeResolverContext context)
   at Microsoft.Extensions.DependencyInjection.ServiceLookup.CallSiteVisitor`2.VisitCallSite(ServiceCallSite callSite, TArgument argument)
   at Microsoft.Extensions.DependencyInjection.ServiceLookup.CallSiteRuntimeResolver.Resolve(ServiceCallSite callSite, ServiceProviderEngineScope scope)
   at Microsoft.Extensions.DependencyInjection.ServiceLookup.DynamicServiceProviderEngine.<>c__DisplayClass1_0.<RealizeService>b__0(ServiceProviderEngineScope scope)
   at Microsoft.Extensions.DependencyInjection.ServiceLookup.ServiceProviderEngine.GetService(Type serviceType, ServiceProviderEngineScope serviceProviderEngineScope)
   at Microsoft.Extensions.DependencyInjection.ServiceLookup.ServiceProviderEngineScope.GetService(Type serviceType)
   at Microsoft.Extensions.DependencyInjection.ServiceProviderServiceExtensions.GetService[T](IServiceProvider provider)
   at Microsoft.Extensions.DependencyInjection.EntityFrameworkServiceCollectionExtensions.<>c__5`2.<AddDbContextPool>b__5_2(IServiceProvider sp)
   at Microsoft.Extensions.DependencyInjection.ServiceLookup.CallSiteRuntimeResolver.VisitFactory(FactoryCallSite factoryCallSite, RuntimeResolverContext context)
   at Microsoft.Extensions.DependencyInjection.ServiceLookup.CallSiteVisitor`2.VisitCallSiteMain(ServiceCallSite callSite, TArgument argument)
   at Microsoft.Extensions.DependencyInjection.ServiceLookup.CallSiteRuntimeResolver.VisitCache(ServiceCallSite callSite, RuntimeResolverContext context, ServiceProviderEngineScope serviceProviderEngine, RuntimeResolverLock lockType)
   at Microsoft.Extensions.DependencyInjection.ServiceLookup.CallSiteRuntimeResolver.VisitScopeCache(ServiceCallSite singletonCallSite, RuntimeResolverContext context)
   at Microsoft.Extensions.DependencyInjection.ServiceLookup.CallSiteVisitor`2.VisitCallSite(ServiceCallSite callSite, TArgument argument)
   at Microsoft.Extensions.DependencyInjection.ServiceLookup.CallSiteRuntimeResolver.VisitConstructor(ConstructorCallSite constructorCallSite, RuntimeResolverContext context)
   at Microsoft.Extensions.DependencyInjection.ServiceLookup.CallSiteVisitor`2.VisitCallSiteMain(ServiceCallSite callSite, TArgument argument)
   at Microsoft.Extensions.DependencyInjection.ServiceLookup.CallSiteRuntimeResolver.VisitDisposeCache(ServiceCallSite transientCallSite, RuntimeResolverContext context)
   at Microsoft.Extensions.DependencyInjection.ServiceLookup.CallSiteVisitor`2.VisitCallSite(ServiceCallSite callSite, TArgument argument)
   at Microsoft.Extensions.DependencyInjection.ServiceLookup.CallSiteRuntimeResolver.Resolve(ServiceCallSite callSite, ServiceProviderEngineScope scope)
   at Microsoft.Extensions.DependencyInjection.ServiceLookup.DynamicServiceProviderEngine.<>c__DisplayClass1_0.<RealizeService>b__0(ServiceProviderEngineScope scope)
   at Microsoft.Extensions.DependencyInjection.ServiceLookup.ServiceProviderEngine.GetService(Type serviceType, ServiceProviderEngineScope serviceProviderEngineScope)
   at Microsoft.Extensions.DependencyInjection.ServiceLookup.ServiceProviderEngineScope.GetService(Type serviceType)
   at Microsoft.Extensions.DependencyInjection.ActivatorUtilities.GetService(IServiceProvider sp, Type type, Type requiredBy, Boolean isDefaultParameterRequired)
   at lambda_method(Closure , IServiceProvider , Object[] )
   at Microsoft.AspNetCore.Mvc.Controllers.ControllerActivatorProvider.<>c__DisplayClass4_0.<CreateActivator>b__0(ControllerContext controllerContext)
   at Microsoft.AspNetCore.Mvc.Controllers.ControllerFactoryProvider.<>c__DisplayClass5_0.<CreateControllerFactory>g__CreateController|0(ControllerContext controllerContext)
   at Microsoft.AspNetCore.Mvc.Infrastructure.ControllerActionInvoker.Next(State& next, Scope& scope, Object& state, Boolean& isCompleted)
   at Microsoft.AspNetCore.Mvc.Infrastructure.ControllerActionInvoker.InvokeInnerFilterAsync()
--- End of stack trace from previous location where exception was thrown ---
   at Microsoft.AspNetCore.Mvc.Infrastructure.ResourceInvoker.<InvokeNextResourceFilter>g__Awaited|24_0(ResourceInvoker invoker, Task lastTask, State next, Scope scope, Object state, Boolean isCompleted)
   at Microsoft.AspNetCore.Mvc.Infrastructure.ResourceInvoker.Rethrow(ResourceExecutedContextSealed context)
   at Microsoft.AspNetCore.Mvc.Infrastructure.ResourceInvoker.Next(State& next, Scope& scope, Object& state, Boolean& isCompleted)
   at Microsoft.AspNetCore.Mvc.Infrastructure.ResourceInvoker.InvokeFilterPipelineAsync()
--- End of stack trace from previous location where exception was thrown ---
   at Microsoft.AspNetCore.Mvc.Infrastructure.ResourceInvoker.<InvokeAsync>g__Awaited|17_0(ResourceInvoker invoker, Task task, IDisposable scope)
   at Microsoft.AspNetCore.Routing.EndpointMiddleware.<Invoke>g__AwaitRequestTask|6_0(Endpoint endpoint, Task requestTask, ILogger logger)
   at Microsoft.AspNetCore.Authorization.AuthorizationMiddleware.Invoke(HttpContext context)
   at Microsoft.AspNetCore.Authentication.AuthenticationMiddleware.Invoke(HttpContext context)
   at Swashbuckle.AspNetCore.SwaggerUI.SwaggerUIMiddleware.Invoke(HttpContext httpContext)
   at Swashbuckle.AspNetCore.Swagger.SwaggerMiddleware.Invoke(HttpContext httpContext, ISwaggerProvider swaggerProvider)
   at Microsoft.AspNetCore.Diagnostics.DeveloperExceptionPageMiddleware.Invoke(HttpContext context)
INFO  04:04:17 Application started. Press Ctrl+C to shut down.
INFO  04:04:17 Application started. Press Ctrl+C to shut down.
INFO  04:04:17 Hosting environment: Development
INFO  04:04:17 Hosting environment: Development
INFO  04:04:17 Content root path: D:\.NET\Pg_Rental_System\Pg_Service
INFO  04:04:17 Content root path: D:\.NET\Pg_Rental_System\Pg_Service
ERROR 04:05:48 An unhandled exception has occurred while executing the request.
System.InvalidOperationException: The DbContext of type 'PgDbContext' cannot be pooled because it does not have a single public constructor accepting a single parameter of type DbContextOptions.
   at Microsoft.EntityFrameworkCore.Internal.DbContextPool`1..ctor(DbContextOptions options)
   at Microsoft.Extensions.DependencyInjection.EntityFrameworkServiceCollectionExtensions.<>c__5`2.<AddDbContextPool>b__5_1(IServiceProvider sp)
   at Microsoft.Extensions.DependencyInjection.ServiceLookup.CallSiteRuntimeResolver.VisitFactory(FactoryCallSite factoryCallSite, RuntimeResolverContext context)
   at Microsoft.Extensions.DependencyInjection.ServiceLookup.CallSiteVisitor`2.VisitCallSiteMain(ServiceCallSite callSite, TArgument argument)
   at Microsoft.Extensions.DependencyInjection.ServiceLookup.CallSiteRuntimeResolver.VisitCache(ServiceCallSite callSite, RuntimeResolverContext context, ServiceProviderEngineScope serviceProviderEngine, RuntimeResolverLock lockType)
   at Microsoft.Extensions.DependencyInjection.ServiceLookup.CallSiteRuntimeResolver.VisitRootCache(ServiceCallSite singletonCallSite, RuntimeResolverContext context)
   at Microsoft.Extensions.DependencyInjection.ServiceLookup.CallSiteVisitor`2.VisitCallSite(ServiceCallSite callSite, TArgument argument)
   at Microsoft.Extensions.DependencyInjection.ServiceLookup.CallSiteRuntimeResolver.VisitConstructor(ConstructorCallSite constructorCallSite, RuntimeResolverContext context)
   at Microsoft.Extensions.DependencyInjection.ServiceLookup.CallSiteVisitor`2.VisitCallSiteMain(ServiceCallSite callSite, TArgument argument)
   at Microsoft.Extensions.DependencyInjection.ServiceLookup.CallSiteRuntimeResolver.VisitCache(ServiceCallSite callSite, RuntimeResolverContext context, ServiceProviderEngineScope serviceProviderEngine, RuntimeResolverLock lockType)
   at Microsoft.Extensions.DependencyInjection.ServiceLookup.CallSiteRuntimeResolver.VisitScopeCache(ServiceCallSite singletonCallSite, RuntimeResolverContext context)
   at Microsoft.Extensions.DependencyInjection.ServiceLookup.CallSiteVisitor`2.VisitCallSite(ServiceCallSite callSite, TArgument argument)
   at Microsoft.Extensions.DependencyInjection.ServiceLookup.CallSiteRuntimeResolver.Resolve(ServiceCallSite callSite, ServiceProviderEngineScope scope)
   at Microsoft.Extensions.DependencyInjection.ServiceLookup.DynamicServiceProviderEngine.<>c__DisplayClass1_0.<RealizeService>b__0(ServiceProviderEngineScope scope)
   at Microsoft.Extensions.DependencyInjection.ServiceLookup.ServiceProviderEngine.GetService(Type serviceType, ServiceProviderEngineScope serviceProviderEngineScope)
   at Microsoft.Extensions.DependencyInjection.ServiceLookup.ServiceProviderEngineScope.GetService(Type serviceType)
   at Microsoft.Extensions.DependencyInjection.ServiceProviderServiceExtensions.GetService[T](IServiceProvider provider)
   at Microsoft.Extensions.DependencyInjection.EntityFrameworkServiceCollectionExtensions.<>c__5`2.<AddDbContextPool>b__5_2(IServiceProvider sp)
   at Microsoft.Extensions.DependencyInjection.ServiceLookup.CallSiteRuntimeResolver.VisitFactory(FactoryCallSite factoryCallSite, RuntimeResolverContext context)
   at Microsoft.Extensions.DependencyInjection.ServiceLookup.CallSiteVisitor`2.VisitCallSiteMain(ServiceCallSite callSite, TArgument argument)
   at Microsoft.Extensions.DependencyInjection.ServiceLookup.CallSiteRuntimeResolver.VisitCache(ServiceCallSite callSite, RuntimeResolverContext context, ServiceProviderEngineScope serviceProviderEngine, RuntimeResolverLock lockType)
   at Microsoft.Extensions.DependencyInjection.ServiceLookup.CallSiteRuntimeResolver.VisitScopeCache(ServiceCallSite singletonCallSite, RuntimeResolverContext context)
   at Microsoft.Extensions.DependencyInjection.ServiceLookup.CallSiteVisitor`2.VisitCallSite(ServiceCallSite callSite, TArgument argument)
   at Microsoft.Extensions.DependencyInjection.ServiceLookup.CallSiteRuntimeResolver.VisitConstructor(ConstructorCallSite constructorCallSite, RuntimeResolverContext context)
   at Microsoft.Extensions.DependencyInjection.ServiceLookup.CallSiteVisitor`2.VisitCallSiteMain(ServiceCallSite callSite, TArgument argument)
   at Microsoft.Extensions.DependencyInjection.ServiceLookup.CallSiteRuntimeResolver.VisitDisposeCache(ServiceCallSite transientCallSite, RuntimeResolverContext context)
   at Microsoft.Extensions.DependencyInjection.ServiceLookup.CallSiteVisitor`2.VisitCallSite(ServiceCallSite callSite, TArgument argument)
   at Microsoft.Extensions.DependencyInjection.ServiceLookup.CallSiteRuntimeResolver.Resolve(ServiceCallSite callSite, ServiceProviderEngineScope scope)
   at Microsoft.Extensions.DependencyInjection.ServiceLookup.DynamicServiceProviderEngine.<>c__DisplayClass1_0.<RealizeService>b__0(ServiceProviderEngineScope scope)
   at Microsoft.Extensions.DependencyInjection.ServiceLookup.ServiceProviderEngine.GetService(Type serviceType, ServiceProviderEngineScope serviceProviderEngineScope)
   at Microsoft.Extensions.DependencyInjection.ServiceLookup.ServiceProviderEngineScope.GetService(Type serviceType)
   at Microsoft.Extensions.DependencyInjection.ActivatorUtilities.GetService(IServiceProvider sp, Type type, Type requiredBy, Boolean isDefaultParameterRequired)
   at lambda_method(Closure , IServiceProvider , Object[] )
   at Microsoft.AspNetCore.Mvc.Controllers.ControllerActivatorProvider.<>c__DisplayClass4_0.<CreateActivator>b__0(ControllerContext controllerContext)
   at Microsoft.AspNetCore.Mvc.Controllers.ControllerFactoryProvider.<>c__DisplayClass5_0.<CreateControllerFactory>g__CreateController|0(ControllerContext controllerContext)
   at Microsoft.AspNetCore.Mvc.Infrastructure.ControllerActionInvoker.Next(State& next, Scope& scope, Object& state, Boolean& isCompleted)
   at Microsoft.AspNetCore.Mvc.Infrastructure.ControllerActionInvoker.InvokeInnerFilterAsync()
--- End of stack trace from previous location where exception was thrown ---
   at Microsoft.AspNetCore.Mvc.Infrastructure.ResourceInvoker.<InvokeNextResourceFilter>g__Awaited|24_0(ResourceInvoker invoker, Task lastTask, State next, Scope scope, Object state, Boolean isCompleted)
   at Microsoft.AspNetCore.Mvc.Infrastructure.ResourceInvoker.Rethrow(ResourceExecutedContextSealed context)
   at Microsoft.AspNetCore.Mvc.Infrastructure.ResourceInvoker.Next(State& next, Scope& scope, Object& state, Boolean& isCompleted)
   at Microsoft.AspNetCore.Mvc.Infrastructure.ResourceInvoker.InvokeFilterPipelineAsync()
--- End of stack trace from previous location where exception was thrown ---
   at Microsoft.AspNetCore.Mvc.Infrastructure.ResourceInvoker.<InvokeAsync>g__Awaited|17_0(ResourceInvoker invoker, Task task, IDisposable scope)
   at Microsoft.AspNetCore.Routing.EndpointMiddleware.<Invoke>g__AwaitRequestTask|6_0(Endpoint endpoint, Task requestTask, ILogger logger)
   at Microsoft.AspNetCore.Authorization.AuthorizationMiddleware.Invoke(HttpContext context)
   at Microsoft.AspNetCore.Authentication.AuthenticationMiddleware.Invoke(HttpContext context)
   at Swashbuckle.AspNetCore.SwaggerUI.SwaggerUIMiddleware.Invoke(HttpContext httpContext)
   at Swashbuckle.AspNetCore.Swagger.SwaggerMiddleware.Invoke(HttpContext httpContext, ISwaggerProvider swaggerProvider)
   at Microsoft.AspNetCore.Diagnostics.DeveloperExceptionPageMiddleware.Invoke(HttpContext context)
ERROR 04:05:48 An unhandled exception has occurred while executing the request.
System.InvalidOperationException: The DbContext of type 'PgDbContext' cannot be pooled because it does not have a single public constructor accepting a single parameter of type DbContextOptions.
   at Microsoft.EntityFrameworkCore.Internal.DbContextPool`1..ctor(DbContextOptions options)
   at Microsoft.Extensions.DependencyInjection.EntityFrameworkServiceCollectionExtensions.<>c__5`2.<AddDbContextPool>b__5_1(IServiceProvider sp)
   at Microsoft.Extensions.DependencyInjection.ServiceLookup.CallSiteRuntimeResolver.VisitFactory(FactoryCallSite factoryCallSite, RuntimeResolverContext context)
   at Microsoft.Extensions.DependencyInjection.ServiceLookup.CallSiteVisitor`2.VisitCallSiteMain(ServiceCallSite callSite, TArgument argument)
   at Microsoft.Extensions.DependencyInjection.ServiceLookup.CallSiteRuntimeResolver.VisitCache(ServiceCallSite callSite, RuntimeResolverContext context, ServiceProviderEngineScope serviceProviderEngine, RuntimeResolverLock lockType)
   at Microsoft.Extensions.DependencyInjection.ServiceLookup.CallSiteRuntimeResolver.VisitRootCache(ServiceCallSite singletonCallSite, RuntimeResolverContext context)
   at Microsoft.Extensions.DependencyInjection.ServiceLookup.CallSiteVisitor`2.VisitCallSite(ServiceCallSite callSite, TArgument argument)
   at Microsoft.Extensions.DependencyInjection.ServiceLookup.CallSiteRuntimeResolver.VisitConstructor(ConstructorCallSite constructorCallSite, RuntimeResolverContext context)
   at Microsoft.Extensions.DependencyInjection.ServiceLookup.CallSiteVisitor`2.VisitCallSiteMain(ServiceCallSite callSite, TArgument argument)
   at Microsoft.Extensions.DependencyInjection.ServiceLookup.CallSiteRuntimeResolver.VisitCache(ServiceCallSite callSite, RuntimeResolverContext context, ServiceProviderEngineScope serviceProviderEngine, RuntimeResolverLock lockType)
   at Microsoft.Extensions.DependencyInjection.ServiceLookup.CallSiteRuntimeResolver.VisitScopeCache(ServiceCallSite singletonCallSite, RuntimeResolverContext context)
   at Microsoft.Extensions.DependencyInjection.ServiceLookup.CallSiteVisitor`2.VisitCallSite(ServiceCallSite callSite, TArgument argument)
   at Microsoft.Extensions.DependencyInjection.ServiceLookup.CallSiteRuntimeResolver.Resolve(ServiceCallSite callSite, ServiceProviderEngineScope scope)
   at Microsoft.Extensions.DependencyInjection.ServiceLookup.DynamicServiceProviderEngine.<>c__DisplayClass1_0.<RealizeService>b__0(ServiceProviderEngineScope scope)
   at Microsoft.Extensions.DependencyInjection.ServiceLookup.ServiceProviderEngine.GetService(Type serviceType, ServiceProviderEngineScope serviceProviderEngineScope)
   at Microsoft.Extensions.DependencyInjection.ServiceLookup.ServiceProviderEngineScope.GetService(Type serviceType)
   at Microsoft.Extensions.DependencyInjection.ServiceProviderServiceExtensions.GetService[T](IServiceProvider provider)
   at Microsoft.Extensions.DependencyInjection.EntityFrameworkServiceCollectionExtensions.<>c__5`2.<AddDbContextPool>b__5_2(IServiceProvider sp)
   at Microsoft.Extensions.DependencyInjection.ServiceLookup.CallSiteRuntimeResolver.VisitFactory(FactoryCallSite factoryCallSite, RuntimeResolverContext context)
   at Microsoft.Extensions.DependencyInjection.ServiceLookup.CallSiteVisitor`2.VisitCallSiteMain(ServiceCallSite callSite, TArgument argument)
   at Microsoft.Extensions.DependencyInjection.ServiceLookup.CallSiteRuntimeResolver.VisitCache(ServiceCallSite callSite, RuntimeResolverContext context, ServiceProviderEngineScope serviceProviderEngine, RuntimeResolverLock lockType)
   at Microsoft.Extensions.DependencyInjection.ServiceLookup.CallSiteRuntimeResolver.VisitScopeCache(ServiceCallSite singletonCallSite, RuntimeResolverContext context)
   at Microsoft.Extensions.DependencyInjection.ServiceLookup.CallSiteVisitor`2.VisitCallSite(ServiceCallSite callSite, TArgument argument)
   at Microsoft.Extensions.DependencyInjection.ServiceLookup.CallSiteRuntimeResolver.VisitConstructor(ConstructorCallSite constructorCallSite, RuntimeResolverContext context)
   at Microsoft.Extensions.DependencyInjection.ServiceLookup.CallSiteVisitor`2.VisitCallSiteMain(ServiceCallSite callSite, TArgument argument)
   at Microsoft.Extensions.DependencyInjection.ServiceLookup.CallSiteRuntimeResolver.VisitDisposeCache(ServiceCallSite transientCallSite, RuntimeResolverContext context)
   at Microsoft.Extensions.DependencyInjection.ServiceLookup.CallSiteVisitor`2.VisitCallSite(ServiceCallSite callSite, TArgument argument)
   at Microsoft.Extensions.DependencyInjection.ServiceLookup.CallSiteRuntimeResolver.Resolve(ServiceCallSite callSite, ServiceProviderEngineScope scope)
   at Microsoft.Extensions.DependencyInjection.ServiceLookup.DynamicServiceProviderEngine.<>c__DisplayClass1_0.<RealizeService>b__0(ServiceProviderEngineScope scope)
   at Microsoft.Extensions.DependencyInjection.ServiceLookup.ServiceProviderEngine.GetService(Type serviceType, ServiceProviderEngineScope serviceProviderEngineScope)
   at Microsoft.Extensions.DependencyInjection.ServiceLookup.ServiceProviderEngineScope.GetService(Type serviceType)
   at Microsoft.Extensions.DependencyInjection.ActivatorUtilities.GetService(IServiceProvider sp, Type type, Type requiredBy, Boolean isDefaultParameterRequired)
   at lambda_method(Closure , IServiceProvider , Object[] )
   at Microsoft.AspNetCore.Mvc.Controllers.ControllerActivatorProvider.<>c__DisplayClass4_0.<CreateActivator>b__0(ControllerContext controllerContext)
   at Microsoft.AspNetCore.Mvc.Controllers.ControllerFactoryProvider.<>c__DisplayClass5_0.<CreateControllerFactory>g__CreateController|0(ControllerContext controllerContext)
   at Microsoft.AspNetCore.Mvc.Infrastructure.ControllerActionInvoker.Next(State& next, Scope& scope, Object& state, Boolean& isCompleted)
   at Microsoft.AspNetCore.Mvc.Infrastructure.ControllerActionInvoker.InvokeInnerFilterAsync()
--- End of stack trace from previous location where exception was thrown ---
   at Microsoft.AspNetCore.Mvc.Infrastructure.ResourceInvoker.<InvokeNextResourceFilter>g__Awaited|24_0(ResourceInvoker invoker, Task lastTask, State next, Scope scope, Object state, Boolean isCompleted)
   at Microsoft.AspNetCore.Mvc.Infrastructure.ResourceInvoker.Rethrow(ResourceExecutedContextSealed context)
   at Microsoft.AspNetCore.Mvc.Infrastructure.ResourceInvoker.Next(State& next, Scope& scope, Object& state, Boolean& isCompleted)
   at Microsoft.AspNetCore.Mvc.Infrastructure.ResourceInvoker.InvokeFilterPipelineAsync()
--- End of stack trace from previous location where exception was thrown ---
   at Microsoft.AspNetCore.Mvc.Infrastructure.ResourceInvoker.<InvokeAsync>g__Awaited|17_0(ResourceInvoker invoker, Task task, IDisposable scope)
   at Microsoft.AspNetCore.Routing.EndpointMiddleware.<Invoke>g__AwaitRequestTask|6_0(Endpoint endpoint, Task requestTask, ILogger logger)
   at Microsoft.AspNetCore.Authorization.AuthorizationMiddleware.Invoke(HttpContext context)
   at Microsoft.AspNetCore.Authentication.AuthenticationMiddleware.Invoke(HttpContext context)
   at Swashbuckle.AspNetCore.SwaggerUI.SwaggerUIMiddleware.Invoke(HttpContext httpContext)
   at Swashbuckle.AspNetCore.Swagger.SwaggerMiddleware.Invoke(HttpContext httpContext, ISwaggerProvider swaggerProvider)
   at Microsoft.AspNetCore.Diagnostics.DeveloperExceptionPageMiddleware.Invoke(HttpContext context)
INFO  04:08:08 Application started. Press Ctrl+C to shut down.
INFO  04:08:08 Application started. Press Ctrl+C to shut down.
INFO  04:08:08 Hosting environment: Development
INFO  04:08:08 Hosting environment: Development
INFO  04:08:08 Content root path: D:\.NET\Pg_Rental_System\Pg_Service
INFO  04:08:08 Content root path: D:\.NET\Pg_Rental_System\Pg_Service
ERROR 04:08:43 An unhandled exception has occurred while executing the request.
System.InvalidOperationException: The DbContext of type 'PgDbContext' cannot be pooled because it does not have a single public constructor accepting a single parameter of type DbContextOptions.
   at Microsoft.EntityFrameworkCore.Internal.DbContextPool`1..ctor(DbContextOptions options)
   at Microsoft.Extensions.DependencyInjection.EntityFrameworkServiceCollectionExtensions.<>c__5`2.<AddDbContextPool>b__5_1(IServiceProvider sp)
   at Microsoft.Extensions.DependencyInjection.ServiceLookup.CallSiteRuntimeResolver.VisitFactory(FactoryCallSite factoryCallSite, RuntimeResolverContext context)
   at Microsoft.Extensions.DependencyInjection.ServiceLookup.CallSiteVisitor`2.VisitCallSiteMain(ServiceCallSite callSite, TArgument argument)
   at Microsoft.Extensions.DependencyInjection.ServiceLookup.CallSiteRuntimeResolver.VisitCache(ServiceCallSite callSite, RuntimeResolverContext context, ServiceProviderEngineScope serviceProviderEngine, RuntimeResolverLock lockType)
   at Microsoft.Extensions.DependencyInjection.ServiceLookup.CallSiteRuntimeResolver.VisitRootCache(ServiceCallSite singletonCallSite, RuntimeResolverContext context)
   at Microsoft.Extensions.DependencyInjection.ServiceLookup.CallSiteVisitor`2.VisitCallSite(ServiceCallSite callSite, TArgument argument)
   at Microsoft.Extensions.DependencyInjection.ServiceLookup.CallSiteRuntimeResolver.VisitConstructor(ConstructorCallSite constructorCallSite, RuntimeResolverContext context)
   at Microsoft.Extensions.DependencyInjection.ServiceLookup.CallSiteVisitor`2.VisitCallSiteMain(ServiceCallSite callSite, TArgument argument)
   at Microsoft.Extensions.DependencyInjection.ServiceLookup.CallSiteRuntimeResolver.VisitCache(ServiceCallSite callSite, RuntimeResolverContext context, ServiceProviderEngineScope serviceProviderEngine, RuntimeResolverLock lockType)
   at Microsoft.Extensions.DependencyInjection.ServiceLookup.CallSiteRuntimeResolver.VisitScopeCache(ServiceCallSite singletonCallSite, RuntimeResolverContext context)
   at Microsoft.Extensions.DependencyInjection.ServiceLookup.CallSiteVisitor`2.VisitCallSite(ServiceCallSite callSite, TArgument argument)
   at Microsoft.Extensions.DependencyInjection.ServiceLookup.CallSiteRuntimeResolver.Resolve(ServiceCallSite callSite, ServiceProviderEngineScope scope)
   at Microsoft.Extensions.DependencyInjection.ServiceLookup.DynamicServiceProviderEngine.<>c__DisplayClass1_0.<RealizeService>b__0(ServiceProviderEngineScope scope)
   at Microsoft.Extensions.DependencyInjection.ServiceLookup.ServiceProviderEngine.GetService(Type serviceType, ServiceProviderEngineScope serviceProviderEngineScope)
   at Microsoft.Extensions.DependencyInjection.ServiceLookup.ServiceProviderEngineScope.GetService(Type serviceType)
   at Microsoft.Extensions.DependencyInjection.ServiceProviderServiceExtensions.GetService[T](IServiceProvider provider)
   at Microsoft.Extensions.DependencyInjection.EntityFrameworkServiceCollectionExtensions.<>c__5`2.<AddDbContextPool>b__5_2(IServiceProvider sp)
   at Microsoft.Extensions.DependencyInjection.ServiceLookup.CallSiteRuntimeResolver.VisitFactory(FactoryCallSite factoryCallSite, RuntimeResolverContext context)
   at Microsoft.Extensions.DependencyInjection.ServiceLookup.CallSiteVisitor`2.VisitCallSiteMain(ServiceCallSite callSite, TArgument argument)
   at Microsoft.Extensions.DependencyInjection.ServiceLookup.CallSiteRuntimeResolver.VisitCache(ServiceCallSite callSite, RuntimeResolverContext context, ServiceProviderEngineScope serviceProviderEngine, RuntimeResolverLock lockType)
   at Microsoft.Extensions.DependencyInjection.ServiceLookup.CallSiteRuntimeResolver.VisitScopeCache(ServiceCallSite singletonCallSite, RuntimeResolverContext context)
   at Microsoft.Extensions.DependencyInjection.ServiceLookup.CallSiteVisitor`2.VisitCallSite(ServiceCallSite callSite, TArgument argument)
   at Microsoft.Extensions.DependencyInjection.ServiceLookup.CallSiteRuntimeResolver.VisitConstructor(ConstructorCallSite constructorCallSite, RuntimeResolverContext context)
   at Microsoft.Extensions.DependencyInjection.ServiceLookup.CallSiteVisitor`2.VisitCallSiteMain(ServiceCallSite callSite, TArgument argument)
   at Microsoft.Extensions.DependencyInjection.ServiceLookup.CallSiteRuntimeResolver.VisitDisposeCache(ServiceCallSite transientCallSite, RuntimeResolverContext context)
   at Microsoft.Extensions.DependencyInjection.ServiceLookup.CallSiteVisitor`2.VisitCallSite(ServiceCallSite callSite, TArgument argument)
   at Microsoft.Extensions.DependencyInjection.ServiceLookup.CallSiteRuntimeResolver.Resolve(ServiceCallSite callSite, ServiceProviderEngineScope scope)
   at Microsoft.Extensions.DependencyInjection.ServiceLookup.DynamicServiceProviderEngine.<>c__DisplayClass1_0.<RealizeService>b__0(ServiceProviderEngineScope scope)
   at Microsoft.Extensions.DependencyInjection.ServiceLookup.ServiceProviderEngine.GetService(Type serviceType, ServiceProviderEngineScope serviceProviderEngineScope)
   at Microsoft.Extensions.DependencyInjection.ServiceLookup.ServiceProviderEngineScope.GetService(Type serviceType)
   at Microsoft.Extensions.DependencyInjection.ActivatorUtilities.GetService(IServiceProvider sp, Type type, Type requiredBy, Boolean isDefaultParameterRequired)
   at lambda_method(Closure , IServiceProvider , Object[] )
   at Microsoft.AspNetCore.Mvc.Controllers.ControllerActivatorProvider.<>c__DisplayClass4_0.<CreateActivator>b__0(ControllerContext controllerContext)
   at Microsoft.AspNetCore.Mvc.Controllers.ControllerFactoryProvider.<>c__DisplayClass5_0.<CreateControllerFactory>g__CreateController|0(ControllerContext controllerContext)
   at Microsoft.AspNetCore.Mvc.Infrastructure.ControllerActionInvoker.Next(State& next, Scope& scope, Object& state, Boolean& isCompleted)
   at Microsoft.AspNetCore.Mvc.Infrastructure.ControllerActionInvoker.InvokeInnerFilterAsync()
--- End of stack trace from previous location where exception was thrown ---
   at Microsoft.AspNetCore.Mvc.Infrastructure.ResourceInvoker.<InvokeNextResourceFilter>g__Awaited|24_0(ResourceInvoker invoker, Task lastTask, State next, Scope scope, Object state, Boolean isCompleted)
   at Microsoft.AspNetCore.Mvc.Infrastructure.ResourceInvoker.Rethrow(ResourceExecutedContextSealed context)
   at Microsoft.AspNetCore.Mvc.Infrastructure.ResourceInvoker.Next(State& next, Scope& scope, Object& state, Boolean& isCompleted)
   at Microsoft.AspNetCore.Mvc.Infrastructure.ResourceInvoker.InvokeFilterPipelineAsync()
--- End of stack trace from previous location where exception was thrown ---
   at Microsoft.AspNetCore.Mvc.Infrastructure.ResourceInvoker.<InvokeAsync>g__Awaited|17_0(ResourceInvoker invoker, Task task, IDisposable scope)
   at Microsoft.AspNetCore.Routing.EndpointMiddleware.<Invoke>g__AwaitRequestTask|6_0(Endpoint endpoint, Task requestTask, ILogger logger)
   at Microsoft.AspNetCore.Authorization.AuthorizationMiddleware.Invoke(HttpContext context)
   at Microsoft.AspNetCore.Authentication.AuthenticationMiddleware.Invoke(HttpContext context)
   at Swashbuckle.AspNetCore.SwaggerUI.SwaggerUIMiddleware.Invoke(HttpContext httpContext)
   at Swashbuckle.AspNetCore.Swagger.SwaggerMiddleware.Invoke(HttpContext httpContext, ISwaggerProvider swaggerProvider)
   at Microsoft.AspNetCore.Diagnostics.DeveloperExceptionPageMiddleware.Invoke(HttpContext context)
ERROR 04:08:43 An unhandled exception has occurred while executing the request.
System.InvalidOperationException: The DbContext of type 'PgDbContext' cannot be pooled because it does not have a single public constructor accepting a single parameter of type DbContextOptions.
   at Microsoft.EntityFrameworkCore.Internal.DbContextPool`1..ctor(DbContextOptions options)
   at Microsoft.Extensions.DependencyInjection.EntityFrameworkServiceCollectionExtensions.<>c__5`2.<AddDbContextPool>b__5_1(IServiceProvider sp)
   at Microsoft.Extensions.DependencyInjection.ServiceLookup.CallSiteRuntimeResolver.VisitFactory(FactoryCallSite factoryCallSite, RuntimeResolverContext context)
   at Microsoft.Extensions.DependencyInjection.ServiceLookup.CallSiteVisitor`2.VisitCallSiteMain(ServiceCallSite callSite, TArgument argument)
   at Microsoft.Extensions.DependencyInjection.ServiceLookup.CallSiteRuntimeResolver.VisitCache(ServiceCallSite callSite, RuntimeResolverContext context, ServiceProviderEngineScope serviceProviderEngine, RuntimeResolverLock lockType)
   at Microsoft.Extensions.DependencyInjection.ServiceLookup.CallSiteRuntimeResolver.VisitRootCache(ServiceCallSite singletonCallSite, RuntimeResolverContext context)
   at Microsoft.Extensions.DependencyInjection.ServiceLookup.CallSiteVisitor`2.VisitCallSite(ServiceCallSite callSite, TArgument argument)
   at Microsoft.Extensions.DependencyInjection.ServiceLookup.CallSiteRuntimeResolver.VisitConstructor(ConstructorCallSite constructorCallSite, RuntimeResolverContext context)
   at Microsoft.Extensions.DependencyInjection.ServiceLookup.CallSiteVisitor`2.VisitCallSiteMain(ServiceCallSite callSite, TArgument argument)
   at Microsoft.Extensions.DependencyInjection.ServiceLookup.CallSiteRuntimeResolver.VisitCache(ServiceCallSite callSite, RuntimeResolverContext context, ServiceProviderEngineScope serviceProviderEngine, RuntimeResolverLock lockType)
   at Microsoft.Extensions.DependencyInjection.ServiceLookup.CallSiteRuntimeResolver.VisitScopeCache(ServiceCallSite singletonCallSite, RuntimeResolverContext context)
   at Microsoft.Extensions.DependencyInjection.ServiceLookup.CallSiteVisitor`2.VisitCallSite(ServiceCallSite callSite, TArgument argument)
   at Microsoft.Extensions.DependencyInjection.ServiceLookup.CallSiteRuntimeResolver.Resolve(ServiceCallSite callSite, ServiceProviderEngineScope scope)
   at Microsoft.Extensions.DependencyInjection.ServiceLookup.DynamicServiceProviderEngine.<>c__DisplayClass1_0.<RealizeService>b__0(ServiceProviderEngineScope scope)
   at Microsoft.Extensions.DependencyInjection.ServiceLookup.ServiceProviderEngine.GetService(Type serviceType, ServiceProviderEngineScope serviceProviderEngineScope)
   at Microsoft.Extensions.DependencyInjection.ServiceLookup.ServiceProviderEngineScope.GetService(Type serviceType)
   at Microsoft.Extensions.DependencyInjection.ServiceProviderServiceExtensions.GetService[T](IServiceProvider provider)
   at Microsoft.Extensions.DependencyInjection.EntityFrameworkServiceCollectionExtensions.<>c__5`2.<AddDbContextPool>b__5_2(IServiceProvider sp)
   at Microsoft.Extensions.DependencyInjection.ServiceLookup.CallSiteRuntimeResolver.VisitFactory(FactoryCallSite factoryCallSite, RuntimeResolverContext context)
   at Microsoft.Extensions.DependencyInjection.ServiceLookup.CallSiteVisitor`2.VisitCallSiteMain(ServiceCallSite callSite, TArgument argument)
   at Microsoft.Extensions.DependencyInjection.ServiceLookup.CallSiteRuntimeResolver.VisitCache(ServiceCallSite callSite, RuntimeResolverContext context, ServiceProviderEngineScope serviceProviderEngine, RuntimeResolverLock lockType)
   at Microsoft.Extensions.DependencyInjection.ServiceLookup.CallSiteRuntimeResolver.VisitScopeCache(ServiceCallSite singletonCallSite, RuntimeResolverContext context)
   at Microsoft.Extensions.DependencyInjection.ServiceLookup.CallSiteVisitor`2.VisitCallSite(ServiceCallSite callSite, TArgument argument)
   at Microsoft.Extensions.DependencyInjection.ServiceLookup.CallSiteRuntimeResolver.VisitConstructor(ConstructorCallSite constructorCallSite, RuntimeResolverContext context)
   at Microsoft.Extensions.DependencyInjection.ServiceLookup.CallSiteVisitor`2.VisitCallSiteMain(ServiceCallSite callSite, TArgument argument)
   at Microsoft.Extensions.DependencyInjection.ServiceLookup.CallSiteRuntimeResolver.VisitDisposeCache(ServiceCallSite transientCallSite, RuntimeResolverContext context)
   at Microsoft.Extensions.DependencyInjection.ServiceLookup.CallSiteVisitor`2.VisitCallSite(ServiceCallSite callSite, TArgument argument)
   at Microsoft.Extensions.DependencyInjection.ServiceLookup.CallSiteRuntimeResolver.Resolve(ServiceCallSite callSite, ServiceProviderEngineScope scope)
   at Microsoft.Extensions.DependencyInjection.ServiceLookup.DynamicServiceProviderEngine.<>c__DisplayClass1_0.<RealizeService>b__0(ServiceProviderEngineScope scope)
   at Microsoft.Extensions.DependencyInjection.ServiceLookup.ServiceProviderEngine.GetService(Type serviceType, ServiceProviderEngineScope serviceProviderEngineScope)
   at Microsoft.Extensions.DependencyInjection.ServiceLookup.ServiceProviderEngineScope.GetService(Type serviceType)
   at Microsoft.Extensions.DependencyInjection.ActivatorUtilities.GetService(IServiceProvider sp, Type type, Type requiredBy, Boolean isDefaultParameterRequired)
   at lambda_method(Closure , IServiceProvider , Object[] )
   at Microsoft.AspNetCore.Mvc.Controllers.ControllerActivatorProvider.<>c__DisplayClass4_0.<CreateActivator>b__0(ControllerContext controllerContext)
   at Microsoft.AspNetCore.Mvc.Controllers.ControllerFactoryProvider.<>c__DisplayClass5_0.<CreateControllerFactory>g__CreateController|0(ControllerContext controllerContext)
   at Microsoft.AspNetCore.Mvc.Infrastructure.ControllerActionInvoker.Next(State& next, Scope& scope, Object& state, Boolean& isCompleted)
   at Microsoft.AspNetCore.Mvc.Infrastructure.ControllerActionInvoker.InvokeInnerFilterAsync()
--- End of stack trace from previous location where exception was thrown ---
   at Microsoft.AspNetCore.Mvc.Infrastructure.ResourceInvoker.<InvokeNextResourceFilter>g__Awaited|24_0(ResourceInvoker invoker, Task lastTask, State next, Scope scope, Object state, Boolean isCompleted)
   at Microsoft.AspNetCore.Mvc.Infrastructure.ResourceInvoker.Rethrow(ResourceExecutedContextSealed context)
   at Microsoft.AspNetCore.Mvc.Infrastructure.ResourceInvoker.Next(State& next, Scope& scope, Object& state, Boolean& isCompleted)
   at Microsoft.AspNetCore.Mvc.Infrastructure.ResourceInvoker.InvokeFilterPipelineAsync()
--- End of stack trace from previous location where exception was thrown ---
   at Microsoft.AspNetCore.Mvc.Infrastructure.ResourceInvoker.<InvokeAsync>g__Awaited|17_0(ResourceInvoker invoker, Task task, IDisposable scope)
   at Microsoft.AspNetCore.Routing.EndpointMiddleware.<Invoke>g__AwaitRequestTask|6_0(Endpoint endpoint, Task requestTask, ILogger logger)
   at Microsoft.AspNetCore.Authorization.AuthorizationMiddleware.Invoke(HttpContext context)
   at Microsoft.AspNetCore.Authentication.AuthenticationMiddleware.Invoke(HttpContext context)
   at Swashbuckle.AspNetCore.SwaggerUI.SwaggerUIMiddleware.Invoke(HttpContext httpContext)
   at Swashbuckle.AspNetCore.Swagger.SwaggerMiddleware.Invoke(HttpContext httpContext, ISwaggerProvider swaggerProvider)
   at Microsoft.AspNetCore.Diagnostics.DeveloperExceptionPageMiddleware.Invoke(HttpContext context)
INFO  04:13:34 Application started. Press Ctrl+C to shut down.
INFO  04:13:35 Application started. Press Ctrl+C to shut down.
INFO  04:13:35 Hosting environment: Development
INFO  04:13:35 Hosting environment: Development
INFO  04:13:35 Content root path: D:\.NET\Pg_Rental_System\Pg_Service
INFO  04:13:35 Content root path: D:\.NET\Pg_Rental_System\Pg_Service
INFO  04:13:57  Http GET is accesed
INFO  04:20:12 Http Get by Id is accessed
INFO  04:21:45 Application started. Press Ctrl+C to shut down.
INFO  04:21:45 Application started. Press Ctrl+C to shut down.
INFO  04:21:45 Hosting environment: Development
INFO  04:21:45 Hosting environment: Development
INFO  04:21:45 Content root path: D:\.NET\Pg_Rental_System\Pg_Service
INFO  04:21:45 Content root path: D:\.NET\Pg_Rental_System\Pg_Service
INFO  04:22:06  Http GET is accesed
INFO  04:22:13 Http Get by Id is accessed
INFO  04:28:21 Application started. Press Ctrl+C to shut down.
INFO  04:28:21 Application started. Press Ctrl+C to shut down.
INFO  04:28:21 Hosting environment: Development
INFO  04:28:21 Hosting environment: Development
INFO  04:28:21 Content root path: D:\.NET\Pg_Rental_System\Pg_Service
INFO  04:28:21 Content root path: D:\.NET\Pg_Rental_System\Pg_Service
INFO  04:28:36  Http GET is accesed
INFO  04:28:46 Http Get by Id is accessed
INFO  04:30:15 Application started. Press Ctrl+C to shut down.
INFO  04:30:15 Application started. Press Ctrl+C to shut down.
INFO  04:30:16 Hosting environment: Development
INFO  04:30:16 Hosting environment: Development
INFO  04:30:16 Content root path: D:\.NET\Pg_Rental_System\Pg_Service
INFO  04:30:16 Content root path: D:\.NET\Pg_Rental_System\Pg_Service
INFO  04:30:57  Http GET is accesed
INFO  04:31:11 Http Get by Id is accessed
INFO  04:37:16 Application started. Press Ctrl+C to shut down.
INFO  04:37:16 Application started. Press Ctrl+C to shut down.
INFO  04:37:16 Hosting environment: Development
INFO  04:37:16 Hosting environment: Development
INFO  04:37:16 Content root path: D:\.NET\Pg_Rental_System\Pg_Service
INFO  04:37:16 Content root path: D:\.NET\Pg_Rental_System\Pg_Service
INFO  04:37:36  Http GET is accesed
INFO  04:37:55 Http Get by Id is accessed
INFO  04:41:41 Application started. Press Ctrl+C to shut down.
INFO  04:41:41 Application started. Press Ctrl+C to shut down.
INFO  04:41:41 Hosting environment: Development
INFO  04:41:41 Hosting environment: Development
INFO  04:41:41 Content root path: D:\.NET\Pg_Rental_System\Pg_Service
INFO  04:41:41 Content root path: D:\.NET\Pg_Rental_System\Pg_Service
INFO  04:42:03  Http GET is accesed
INFO  04:42:12 Http Get by Id is accessed
INFO  04:48:55 Application started. Press Ctrl+C to shut down.
INFO  04:48:55 Application started. Press Ctrl+C to shut down.
INFO  04:48:55 Hosting environment: Development
INFO  04:48:55 Hosting environment: Development
INFO  04:48:55 Content root path: D:\.NET\Pg_Rental_System\Pg_Service
INFO  04:48:55 Content root path: D:\.NET\Pg_Rental_System\Pg_Service
INFO  04:54:46 Application started. Press Ctrl+C to shut down.
INFO  04:54:46 Application started. Press Ctrl+C to shut down.
INFO  04:54:46 Hosting environment: Development
INFO  04:54:46 Hosting environment: Development
INFO  04:54:46 Content root path: D:\.NET\Pg_Rental_System\Pg_Service
INFO  04:54:46 Content root path: D:\.NET\Pg_Rental_System\Pg_Service
INFO  04:55:05  Http GET is accesed
INFO  04:55:17 Http Get by Id is accessed
INFO  04:55:54 Http Get by Id is accessed
INFO  04:56:32  Http GET is accesed
INFO  04:57:37 Http Get by Id is accessed
INFO  05:00:07 Application started. Press Ctrl+C to shut down.
INFO  05:00:07 Application started. Press Ctrl+C to shut down.
INFO  05:00:07 Hosting environment: Development
INFO  05:00:07 Hosting environment: Development
INFO  05:00:07 Content root path: D:\.NET\Pg_Rental_System\Pg_Service
INFO  05:00:07 Content root path: D:\.NET\Pg_Rental_System\Pg_Service
INFO  05:00:31  Http GET is accesed
INFO  05:00:38 Http Get by Id is accessed
INFO  05:00:42 Http Get by Id is accessed
INFO  05:02:09  Http GET is accesed
INFO  05:02:41  Http GET is accesed
INFO  05:04:49 Application started. Press Ctrl+C to shut down.
INFO  05:04:49 Application started. Press Ctrl+C to shut down.
INFO  05:04:49 Hosting environment: Development
INFO  05:04:49 Hosting environment: Development
INFO  05:04:49 Content root path: D:\.NET\Pg_Rental_System\Pg_Service
INFO  05:04:49 Content root path: D:\.NET\Pg_Rental_System\Pg_Service
INFO  05:05:12  Http GET is accesed
INFO  05:05:18 Http Get by Id is accessed
INFO  05:08:07 Application started. Press Ctrl+C to shut down.
INFO  05:08:07 Application started. Press Ctrl+C to shut down.
INFO  05:08:07 Hosting environment: Development
INFO  05:08:07 Hosting environment: Development
INFO  05:08:07 Content root path: D:\.NET\Pg_Rental_System\Pg_Service
INFO  05:08:07 Content root path: D:\.NET\Pg_Rental_System\Pg_Service
INFO  05:08:42  Http GET is accesed
INFO  05:08:51 Http Get by Id is accessed
INFO  05:08:56 Http Get by Id is accessed
INFO  05:09:00  Http GET is accesed
INFO  09:06:00 Application started. Press Ctrl+C to shut down.
INFO  09:06:00 Application started. Press Ctrl+C to shut down.
INFO  09:06:00 Hosting environment: Development
INFO  09:06:00 Hosting environment: Development
INFO  09:06:00 Content root path: D:\.NET\Pg_Rental_System\Pg_Service
INFO  09:06:00 Content root path: D:\.NET\Pg_Rental_System\Pg_Service
INFO  09:06:47  Http GET is accesed
INFO  09:06:58 Http Get by Id is accessed
INFO  09:07:05 Http Get by Id is accessed
INFO  09:07:11  Http GET is accesed
INFO  10:15:01 Application started. Press Ctrl+C to shut down.
INFO  10:15:01 Application started. Press Ctrl+C to shut down.
INFO  10:15:01 Hosting environment: Development
INFO  10:15:01 Hosting environment: Development
INFO  10:15:01 Content root path: D:\.NET\Pg_Rental_System\Pg_Service
INFO  10:15:01 Content root path: D:\.NET\Pg_Rental_System\Pg_Service
INFO  10:15:22  Http GET is accesed
INFO  10:53:47 Application started. Press Ctrl+C to shut down.
INFO  10:53:47 Application started. Press Ctrl+C to shut down.
INFO  10:53:47 Hosting environment: Development
INFO  10:53:47 Hosting environment: Development
INFO  10:53:47 Content root path: D:\.NET\Pg_Rental_System\Pg_Service
INFO  10:53:47 Content root path: D:\.NET\Pg_Rental_System\Pg_Service
INFO  10:54:14  Http GET is accesed
INFO  10:54:20 Http Get by Id is accessed
INFO  10:54:26 Http Get by Id is accessed
INFO  10:54:29  Http GET is accesed
INFO  08:38:32 Application started. Press Ctrl+C to shut down.
INFO  08:38:32 Application started. Press Ctrl+C to shut down.
INFO  08:38:32 Hosting environment: Development
INFO  08:38:32 Hosting environment: Development
INFO  08:38:32 Content root path: D:\.NET\Pg_Rental_System\Pg_Service
INFO  08:38:32 Content root path: D:\.NET\Pg_Rental_System\Pg_Service
INFO  08:38:52  Http GET is accesed
INFO  08:39:11 Http Get by Id is accessed
INFO  08:39:15 Http Get by Id is accessed
INFO  08:39:49  Http GET is accesed
INFO  08:35:27 Application started. Press Ctrl+C to shut down.
INFO  08:35:27 Application started. Press Ctrl+C to shut down.
INFO  08:35:27 Hosting environment: Development
INFO  08:35:27 Hosting environment: Development
INFO  08:35:27 Content root path: D:\.NET\Pg_Rental_System\Pg_Service
INFO  08:35:27 Content root path: D:\.NET\Pg_Rental_System\Pg_Service
INFO  08:36:20  Http GET is accesed
INFO  08:36:32 Http Get by Id is accessed
INFO  08:36:37 Http Get by Id is accessed
INFO  08:36:43  Http GET is accesed
INFO  09:37:06 Application started. Press Ctrl+C to shut down.
INFO  09:37:06 Application started. Press Ctrl+C to shut down.
INFO  09:37:06 Hosting environment: Development
INFO  09:37:06 Hosting environment: Development
INFO  09:37:06 Content root path: D:\.NET\Pg_Rental_System\Pg_Service
INFO  09:37:06 Content root path: D:\.NET\Pg_Rental_System\Pg_Service
INFO  09:37:46  Http GET is accesed
INFO  09:38:00 Http Get by Id is accessed
INFO  09:38:06 Http Get by Id is accessed
INFO  09:38:09  Http GET is accesed
