INFO  08:38:31 Application started. Press Ctrl+C to shut down.
INFO  08:38:31 Application started. Press Ctrl+C to shut down.
INFO  08:38:31 Hosting environment: Development
INFO  08:38:31 Hosting environment: Development
INFO  08:38:31 Content root path: D:\.NET\Pg_Rental_System\PgClientApplication
INFO  08:38:31 Content root path: D:\.NET\Pg_Rental_System\PgClientApplication
INFO  08:38:46 User Login
INFO  08:38:51 Productlist getting Displayed
INFO  08:38:59 Getting Booking details
INFO  08:39:10 Booking in progess
INFO  08:39:15 Booking Done
INFO  08:39:49 Productlist getting Displayed
INFO  08:39:53 Getting Booking details
INFO  08:40:03 User Log Out
INFO  08:35:27 Application started. Press Ctrl+C to shut down.
INFO  08:35:27 Application started. Press Ctrl+C to shut down.
INFO  08:35:27 Hosting environment: Development
INFO  08:35:27 Hosting environment: Development
INFO  08:35:27 Content root path: D:\.NET\Pg_Rental_System\PgClientApplication
INFO  08:35:27 Content root path: D:\.NET\Pg_Rental_System\PgClientApplication
INFO  08:36:04 User Login
INFO  08:36:18 Productlist getting Displayed
INFO  08:36:32 Booking in progess
INFO  08:36:37 Booking Done
INFO  08:36:43 Productlist getting Displayed
INFO  08:36:46 Getting Booking details
INFO  08:36:58 User Log Out
