INFO  05:25:45 Application started. Press Ctrl+C to shut down.
INFO  05:25:45 Application started. Press Ctrl+C to shut down.
INFO  05:25:45 Hosting environment: Development
INFO  05:25:45 Hosting environment: Development
INFO  05:25:46 Content root path: D:\.NET\Pg_Rental_System\AuthService
INFO  05:25:46 Content root path: D:\.NET\Pg_Rental_System\AuthService
INFO  08:20:04 Application started. Press Ctrl+C to shut down.
INFO  08:20:04 Application started. Press Ctrl+C to shut down.
INFO  08:20:04 Hosting environment: Development
INFO  08:20:04 Hosting environment: Development
INFO  08:20:04 Content root path: D:\.NET\Pg_Rental_System\AuthService
INFO  08:20:04 Content root path: D:\.NET\Pg_Rental_System\AuthService
INFO  08:23:59 Application started. Press Ctrl+C to shut down.
INFO  08:23:59 Application started. Press Ctrl+C to shut down.
INFO  08:24:00 Hosting environment: Development
INFO  08:24:00 Hosting environment: Development
INFO  08:24:00 Content root path: D:\.NET\Pg_Rental_System\AuthService
INFO  08:24:00 Content root path: D:\.NET\Pg_Rental_System\AuthService
INFO  09:28:25 Application started. Press Ctrl+C to shut down.
INFO  09:28:25 Application started. Press Ctrl+C to shut down.
INFO  09:28:25 Hosting environment: Development
INFO  09:28:25 Hosting environment: Development
INFO  09:28:25 Content root path: D:\.NET\Pg_Rental_System\AuthService
INFO  09:28:25 Content root path: D:\.NET\Pg_Rental_System\AuthService
INFO  09:29:56 Application started. Press Ctrl+C to shut down.
INFO  09:29:56 Application started. Press Ctrl+C to shut down.
INFO  09:29:56 Hosting environment: Development
INFO  09:29:56 Hosting environment: Development
INFO  09:29:56 Content root path: D:\.NET\Pg_Rental_System\AuthService
INFO  09:29:56 Content root path: D:\.NET\Pg_Rental_System\AuthService
INFO  09:30:15 Authentication initiated
INFO  09:30:15 Token Generation initiated
INFO  09:33:28 Application started. Press Ctrl+C to shut down.
INFO  09:33:28 Application started. Press Ctrl+C to shut down.
INFO  09:33:28 Hosting environment: Development
INFO  09:33:28 Hosting environment: Development
INFO  09:33:28 Content root path: D:\.NET\Pg_Rental_System\AuthService
INFO  09:33:28 Content root path: D:\.NET\Pg_Rental_System\AuthService
INFO  09:33:47 Authentication initiated
INFO  09:33:47 Token Generation initiated
INFO  09:36:56 Application started. Press Ctrl+C to shut down.
INFO  09:36:56 Application started. Press Ctrl+C to shut down.
INFO  09:36:56 Hosting environment: Development
INFO  09:36:56 Hosting environment: Development
INFO  09:36:56 Content root path: D:\.NET\Pg_Rental_System\AuthService
INFO  09:36:56 Content root path: D:\.NET\Pg_Rental_System\AuthService
INFO  09:37:15 Authentication initiated
INFO  09:37:15 Token Generation initiated
INFO  09:59:02 Application started. Press Ctrl+C to shut down.
INFO  09:59:02 Application started. Press Ctrl+C to shut down.
INFO  09:59:02 Hosting environment: Development
INFO  09:59:02 Hosting environment: Development
INFO  09:59:02 Content root path: D:\.NET\Pg_Rental_System\AuthService
INFO  09:59:02 Content root path: D:\.NET\Pg_Rental_System\AuthService
INFO  09:59:45 Authentication initiated
INFO  09:59:45 Token Generation initiated
INFO  10:47:54 Application started. Press Ctrl+C to shut down.
INFO  10:47:54 Application started. Press Ctrl+C to shut down.
INFO  10:47:54 Hosting environment: Development
INFO  10:47:54 Hosting environment: Development
INFO  10:47:55 Content root path: D:\.NET\Pg_Rental_System\AuthService
INFO  10:47:55 Content root path: D:\.NET\Pg_Rental_System\AuthService
INFO  10:48:22 Authentication initiated
INFO  10:48:22 Token Generation initiated
INFO  10:49:21 Authentication initiated
INFO  10:49:22 Token Generation initiated
ERROR 10:49:22 Failed executing DbCommand (224ms) [Parameters=[], CommandType='Text', CommandTimeout='30']
SELECT TOP(1) [u].[Userid], [u].[Password], [u].[Username]
FROM [Users] AS [u]
WHERE [u].[Username] IS NULL AND [u].[Password] IS NULL
ERROR 10:49:22 Failed executing DbCommand (224ms) [Parameters=[], CommandType='Text', CommandTimeout='30']
SELECT TOP(1) [u].[Userid], [u].[Password], [u].[Username]
FROM [Users] AS [u]
WHERE [u].[Username] IS NULL AND [u].[Password] IS NULL
ERROR 10:49:22 An exception occurred while iterating over the results of a query for context type 'AuthService.UserDbContext'.
System.InvalidOperationException: Invalid operation. The connection is closed.
   at Microsoft.Data.SqlClient.SqlCommand.<>c.<ExecuteDbDataReaderAsync>b__164_0(Task`1 result)
   at System.Threading.Tasks.ContinuationResultTaskFromResultTask`2.InnerInvoke()
   at System.Threading.Tasks.Task.<>c.<.cctor>b__274_0(Object obj)
   at System.Threading.ExecutionContext.RunInternal(ExecutionContext executionContext, ContextCallback callback, Object state)
--- End of stack trace from previous location where exception was thrown ---
   at System.Threading.ExecutionContext.RunInternal(ExecutionContext executionContext, ContextCallback callback, Object state)
   at System.Threading.Tasks.Task.ExecuteWithThreadLocal(Task& currentTaskSlot, Thread threadPoolThread)
--- End of stack trace from previous location where exception was thrown ---
   at Microsoft.EntityFrameworkCore.Storage.RelationalCommand.ExecuteReaderAsync(RelationalCommandParameterObject parameterObject, CancellationToken cancellationToken)
   at Microsoft.EntityFrameworkCore.Storage.RelationalCommand.ExecuteReaderAsync(RelationalCommandParameterObject parameterObject, CancellationToken cancellationToken)
   at Microsoft.EntityFrameworkCore.Storage.RelationalCommand.ExecuteReaderAsync(RelationalCommandParameterObject parameterObject, CancellationToken cancellationToken)
   at Microsoft.EntityFrameworkCore.Query.Internal.QueryingEnumerable`1.AsyncEnumerator.InitializeReaderAsync(DbContext _, Boolean result, CancellationToken cancellationToken)
   at Microsoft.EntityFrameworkCore.SqlServer.Storage.Internal.SqlServerExecutionStrategy.ExecuteAsync[TState,TResult](TState state, Func`4 operation, Func`4 verifySucceeded, CancellationToken cancellationToken)
   at Microsoft.EntityFrameworkCore.Query.Internal.QueryingEnumerable`1.AsyncEnumerator.MoveNextAsync()
System.InvalidOperationException: Invalid operation. The connection is closed.
   at Microsoft.Data.SqlClient.SqlCommand.<>c.<ExecuteDbDataReaderAsync>b__164_0(Task`1 result)
   at System.Threading.Tasks.ContinuationResultTaskFromResultTask`2.InnerInvoke()
   at System.Threading.Tasks.Task.<>c.<.cctor>b__274_0(Object obj)
   at System.Threading.ExecutionContext.RunInternal(ExecutionContext executionContext, ContextCallback callback, Object state)
--- End of stack trace from previous location where exception was thrown ---
   at System.Threading.ExecutionContext.RunInternal(ExecutionContext executionContext, ContextCallback callback, Object state)
   at System.Threading.Tasks.Task.ExecuteWithThreadLocal(Task& currentTaskSlot, Thread threadPoolThread)
--- End of stack trace from previous location where exception was thrown ---
   at Microsoft.EntityFrameworkCore.Storage.RelationalCommand.ExecuteReaderAsync(RelationalCommandParameterObject parameterObject, CancellationToken cancellationToken)
   at Microsoft.EntityFrameworkCore.Storage.RelationalCommand.ExecuteReaderAsync(RelationalCommandParameterObject parameterObject, CancellationToken cancellationToken)
   at Microsoft.EntityFrameworkCore.Storage.RelationalCommand.ExecuteReaderAsync(RelationalCommandParameterObject parameterObject, CancellationToken cancellationToken)
   at Microsoft.EntityFrameworkCore.Query.Internal.QueryingEnumerable`1.AsyncEnumerator.InitializeReaderAsync(DbContext _, Boolean result, CancellationToken cancellationToken)
   at Microsoft.EntityFrameworkCore.SqlServer.Storage.Internal.SqlServerExecutionStrategy.ExecuteAsync[TState,TResult](TState state, Func`4 operation, Func`4 verifySucceeded, CancellationToken cancellationToken)
   at Microsoft.EntityFrameworkCore.Query.Internal.QueryingEnumerable`1.AsyncEnumerator.MoveNextAsync()
ERROR 10:49:22 An exception occurred while iterating over the results of a query for context type 'AuthService.UserDbContext'.
System.InvalidOperationException: Invalid operation. The connection is closed.
   at Microsoft.Data.SqlClient.SqlCommand.<>c.<ExecuteDbDataReaderAsync>b__164_0(Task`1 result)
   at System.Threading.Tasks.ContinuationResultTaskFromResultTask`2.InnerInvoke()
   at System.Threading.Tasks.Task.<>c.<.cctor>b__274_0(Object obj)
   at System.Threading.ExecutionContext.RunInternal(ExecutionContext executionContext, ContextCallback callback, Object state)
--- End of stack trace from previous location where exception was thrown ---
   at System.Threading.ExecutionContext.RunInternal(ExecutionContext executionContext, ContextCallback callback, Object state)
   at System.Threading.Tasks.Task.ExecuteWithThreadLocal(Task& currentTaskSlot, Thread threadPoolThread)
--- End of stack trace from previous location where exception was thrown ---
   at Microsoft.EntityFrameworkCore.Storage.RelationalCommand.ExecuteReaderAsync(RelationalCommandParameterObject parameterObject, CancellationToken cancellationToken)
   at Microsoft.EntityFrameworkCore.Storage.RelationalCommand.ExecuteReaderAsync(RelationalCommandParameterObject parameterObject, CancellationToken cancellationToken)
   at Microsoft.EntityFrameworkCore.Storage.RelationalCommand.ExecuteReaderAsync(RelationalCommandParameterObject parameterObject, CancellationToken cancellationToken)
   at Microsoft.EntityFrameworkCore.Query.Internal.QueryingEnumerable`1.AsyncEnumerator.InitializeReaderAsync(DbContext _, Boolean result, CancellationToken cancellationToken)
   at Microsoft.EntityFrameworkCore.SqlServer.Storage.Internal.SqlServerExecutionStrategy.ExecuteAsync[TState,TResult](TState state, Func`4 operation, Func`4 verifySucceeded, CancellationToken cancellationToken)
   at Microsoft.EntityFrameworkCore.Query.Internal.QueryingEnumerable`1.AsyncEnumerator.MoveNextAsync()
System.InvalidOperationException: Invalid operation. The connection is closed.
   at Microsoft.Data.SqlClient.SqlCommand.<>c.<ExecuteDbDataReaderAsync>b__164_0(Task`1 result)
   at System.Threading.Tasks.ContinuationResultTaskFromResultTask`2.InnerInvoke()
   at System.Threading.Tasks.Task.<>c.<.cctor>b__274_0(Object obj)
   at System.Threading.ExecutionContext.RunInternal(ExecutionContext executionContext, ContextCallback callback, Object state)
--- End of stack trace from previous location where exception was thrown ---
   at System.Threading.ExecutionContext.RunInternal(ExecutionContext executionContext, ContextCallback callback, Object state)
   at System.Threading.Tasks.Task.ExecuteWithThreadLocal(Task& currentTaskSlot, Thread threadPoolThread)
--- End of stack trace from previous location where exception was thrown ---
   at Microsoft.EntityFrameworkCore.Storage.RelationalCommand.ExecuteReaderAsync(RelationalCommandParameterObject parameterObject, CancellationToken cancellationToken)
   at Microsoft.EntityFrameworkCore.Storage.RelationalCommand.ExecuteReaderAsync(RelationalCommandParameterObject parameterObject, CancellationToken cancellationToken)
   at Microsoft.EntityFrameworkCore.Storage.RelationalCommand.ExecuteReaderAsync(RelationalCommandParameterObject parameterObject, CancellationToken cancellationToken)
   at Microsoft.EntityFrameworkCore.Query.Internal.QueryingEnumerable`1.AsyncEnumerator.InitializeReaderAsync(DbContext _, Boolean result, CancellationToken cancellationToken)
   at Microsoft.EntityFrameworkCore.SqlServer.Storage.Internal.SqlServerExecutionStrategy.ExecuteAsync[TState,TResult](TState state, Func`4 operation, Func`4 verifySucceeded, CancellationToken cancellationToken)
   at Microsoft.EntityFrameworkCore.Query.Internal.QueryingEnumerable`1.AsyncEnumerator.MoveNextAsync()
INFO  10:50:32 Authentication initiated
INFO  10:50:32 Token Generation initiated
INFO  10:54:59 Application started. Press Ctrl+C to shut down.
INFO  10:54:59 Application started. Press Ctrl+C to shut down.
INFO  10:54:59 Hosting environment: Development
INFO  10:54:59 Hosting environment: Development
INFO  10:54:59 Content root path: D:\.NET\Pg_Rental_System\AuthService
INFO  10:54:59 Content root path: D:\.NET\Pg_Rental_System\AuthService
INFO  10:55:26 Authentication initiated
INFO  10:55:26 Token Generation initiated
INFO  10:58:48 Application started. Press Ctrl+C to shut down.
INFO  10:58:48 Application started. Press Ctrl+C to shut down.
INFO  10:58:48 Hosting environment: Development
INFO  10:58:48 Hosting environment: Development
INFO  10:58:48 Content root path: D:\.NET\Pg_Rental_System\AuthService
INFO  10:58:48 Content root path: D:\.NET\Pg_Rental_System\AuthService
INFO  10:59:17 Authentication initiated
INFO  10:59:17 Token Generation initiated
INFO  11:05:14 Application started. Press Ctrl+C to shut down.
INFO  11:05:14 Application started. Press Ctrl+C to shut down.
INFO  11:05:14 Hosting environment: Development
INFO  11:05:14 Hosting environment: Development
INFO  11:05:14 Content root path: D:\.NET\Pg_Rental_System\AuthService
INFO  11:05:14 Content root path: D:\.NET\Pg_Rental_System\AuthService
INFO  11:05:38 Authentication initiated
INFO  11:05:38 Token Generation initiated
INFO  11:11:47 Application started. Press Ctrl+C to shut down.
INFO  11:11:47 Application started. Press Ctrl+C to shut down.
INFO  11:11:47 Hosting environment: Development
INFO  11:11:47 Hosting environment: Development
INFO  11:11:47 Content root path: D:\.NET\Pg_Rental_System\AuthService
INFO  11:11:47 Content root path: D:\.NET\Pg_Rental_System\AuthService
INFO  11:12:08 Authentication initiated
INFO  11:12:08 Token Generation initiated
INFO  11:14:02 Application started. Press Ctrl+C to shut down.
INFO  11:14:03 Application started. Press Ctrl+C to shut down.
INFO  11:14:03 Hosting environment: Development
INFO  11:14:03 Hosting environment: Development
INFO  11:14:03 Content root path: D:\.NET\Pg_Rental_System\AuthService
INFO  11:14:03 Content root path: D:\.NET\Pg_Rental_System\AuthService
INFO  11:14:25 Authentication initiated
INFO  11:14:25 Token Generation initiated
INFO  11:22:13 Application started. Press Ctrl+C to shut down.
INFO  11:22:13 Application started. Press Ctrl+C to shut down.
INFO  11:22:13 Hosting environment: Development
INFO  11:22:13 Hosting environment: Development
INFO  11:22:13 Content root path: D:\.NET\Pg_Rental_System\AuthService
INFO  11:22:13 Content root path: D:\.NET\Pg_Rental_System\AuthService
INFO  11:22:29 Authentication initiated
INFO  11:22:29 Token Generation initiated
INFO  11:24:45 Application started. Press Ctrl+C to shut down.
INFO  11:24:45 Application started. Press Ctrl+C to shut down.
INFO  11:24:45 Hosting environment: Development
INFO  11:24:45 Hosting environment: Development
INFO  11:24:46 Content root path: D:\.NET\Pg_Rental_System\AuthService
INFO  11:24:46 Content root path: D:\.NET\Pg_Rental_System\AuthService
INFO  11:25:03 Authentication initiated
INFO  11:25:03 Token Generation initiated
INFO  10:24:10 Application started. Press Ctrl+C to shut down.
INFO  10:24:10 Application started. Press Ctrl+C to shut down.
INFO  10:24:10 Hosting environment: Development
INFO  10:24:10 Hosting environment: Development
INFO  10:24:10 Content root path: D:\.NET\Pg_Rental_System\AuthService
INFO  10:24:10 Content root path: D:\.NET\Pg_Rental_System\AuthService
INFO  10:26:36 Authentication initiated
INFO  10:26:36 Token Generation initiated
INFO  10:26:55 Authentication initiated
INFO  10:26:55 Token Generation initiated
INFO  10:29:56 Authentication initiated
INFO  10:29:56 Token Generation initiated
INFO  10:36:10 Application started. Press Ctrl+C to shut down.
INFO  10:36:10 Application started. Press Ctrl+C to shut down.
INFO  10:36:10 Hosting environment: Development
INFO  10:36:10 Hosting environment: Development
INFO  10:36:10 Content root path: D:\.NET\Pg_Rental_System\AuthService
INFO  10:36:10 Content root path: D:\.NET\Pg_Rental_System\AuthService
INFO  10:48:28 Authentication initiated
INFO  10:48:28 Token Generation initiated
INFO  10:51:10 Application started. Press Ctrl+C to shut down.
INFO  10:51:10 Application started. Press Ctrl+C to shut down.
INFO  10:51:10 Hosting environment: Development
INFO  10:51:10 Hosting environment: Development
INFO  10:51:10 Content root path: D:\.NET\Pg_Rental_System\AuthService
INFO  10:51:10 Content root path: D:\.NET\Pg_Rental_System\AuthService
INFO  10:52:08 Authentication initiated
INFO  10:54:17 Application started. Press Ctrl+C to shut down.
INFO  10:54:17 Application started. Press Ctrl+C to shut down.
INFO  10:54:17 Hosting environment: Development
INFO  10:54:17 Hosting environment: Development
INFO  10:54:17 Content root path: D:\.NET\Pg_Rental_System\AuthService
INFO  10:54:17 Content root path: D:\.NET\Pg_Rental_System\AuthService
INFO  10:55:21 Authentication initiated
INFO  10:55:38 Token Generation initiated
INFO  11:07:22 Application started. Press Ctrl+C to shut down.
INFO  11:07:22 Application started. Press Ctrl+C to shut down.
INFO  11:07:22 Hosting environment: Development
INFO  11:07:22 Hosting environment: Development
INFO  11:07:22 Content root path: D:\.NET\Pg_Rental_System\AuthService
INFO  11:07:22 Content root path: D:\.NET\Pg_Rental_System\AuthService
INFO  11:08:08 Authentication initiated
INFO  11:08:29 Token Generation initiated
INFO  11:10:53 Application started. Press Ctrl+C to shut down.
INFO  11:10:53 Application started. Press Ctrl+C to shut down.
INFO  11:10:53 Hosting environment: Development
INFO  11:10:53 Hosting environment: Development
INFO  11:10:53 Content root path: D:\.NET\Pg_Rental_System\AuthService
INFO  11:10:53 Content root path: D:\.NET\Pg_Rental_System\AuthService
INFO  11:11:27 Authentication initiated
INFO  11:12:43 Application started. Press Ctrl+C to shut down.
INFO  11:12:43 Application started. Press Ctrl+C to shut down.
INFO  11:12:43 Hosting environment: Development
INFO  11:12:43 Hosting environment: Development
INFO  11:12:43 Content root path: D:\.NET\Pg_Rental_System\AuthService
INFO  11:12:43 Content root path: D:\.NET\Pg_Rental_System\AuthService
INFO  11:13:39 Authentication initiated
INFO  11:14:09 Token Generation initiated
INFO  11:16:42 Application started. Press Ctrl+C to shut down.
INFO  11:16:42 Application started. Press Ctrl+C to shut down.
INFO  11:16:42 Hosting environment: Development
INFO  11:16:42 Hosting environment: Development
INFO  11:16:42 Content root path: D:\.NET\Pg_Rental_System\AuthService
INFO  11:16:42 Content root path: D:\.NET\Pg_Rental_System\AuthService
INFO  11:23:09 Authentication initiated
INFO  11:23:11 Token Generation initiated
INFO  11:25:22 Application started. Press Ctrl+C to shut down.
INFO  11:25:22 Application started. Press Ctrl+C to shut down.
INFO  11:25:22 Hosting environment: Development
INFO  11:25:22 Hosting environment: Development
INFO  11:25:22 Content root path: D:\.NET\Pg_Rental_System\AuthService
INFO  11:25:22 Content root path: D:\.NET\Pg_Rental_System\AuthService
INFO  11:29:14 Authentication initiated
INFO  11:29:31 Token Generation initiated
INFO  11:31:29 Application started. Press Ctrl+C to shut down.
INFO  11:31:30 Application started. Press Ctrl+C to shut down.
INFO  11:31:30 Hosting environment: Development
INFO  11:31:30 Hosting environment: Development
INFO  11:31:30 Content root path: D:\.NET\Pg_Rental_System\AuthService
INFO  11:31:30 Content root path: D:\.NET\Pg_Rental_System\AuthService
INFO  11:32:11 Authentication initiated
INFO  11:32:24 Token Generation initiated
INFO  11:35:14 Application started. Press Ctrl+C to shut down.
INFO  11:35:14 Application started. Press Ctrl+C to shut down.
INFO  11:35:14 Hosting environment: Development
INFO  11:35:14 Hosting environment: Development
INFO  11:35:14 Content root path: D:\.NET\Pg_Rental_System\AuthService
INFO  11:35:14 Content root path: D:\.NET\Pg_Rental_System\AuthService
INFO  11:36:41 Application started. Press Ctrl+C to shut down.
INFO  11:36:41 Application started. Press Ctrl+C to shut down.
INFO  11:36:41 Hosting environment: Development
INFO  11:36:41 Hosting environment: Development
INFO  11:36:41 Content root path: D:\.NET\Pg_Rental_System\AuthService
INFO  11:36:41 Content root path: D:\.NET\Pg_Rental_System\AuthService
INFO  11:37:10 Authentication initiated
INFO  11:37:10 Token Generation initiated
INFO  11:45:59 Application started. Press Ctrl+C to shut down.
INFO  11:45:59 Application started. Press Ctrl+C to shut down.
INFO  11:45:59 Hosting environment: Development
INFO  11:45:59 Hosting environment: Development
INFO  11:45:59 Content root path: D:\.NET\Pg_Rental_System\AuthService
INFO  11:45:59 Content root path: D:\.NET\Pg_Rental_System\AuthService
INFO  11:46:30 Authentication initiated
INFO  11:46:30 Token Generation initiated
INFO  11:53:31 Application started. Press Ctrl+C to shut down.
INFO  11:53:31 Application started. Press Ctrl+C to shut down.
INFO  11:53:31 Hosting environment: Development
INFO  11:53:31 Hosting environment: Development
INFO  11:53:31 Content root path: D:\.NET\Pg_Rental_System\AuthService
INFO  11:53:31 Content root path: D:\.NET\Pg_Rental_System\AuthService
INFO  11:54:36 Authentication initiated
INFO  11:54:45 Token Generation initiated
INFO  12:01:57 Application started. Press Ctrl+C to shut down.
INFO  12:01:57 Application started. Press Ctrl+C to shut down.
INFO  12:01:57 Hosting environment: Development
INFO  12:01:57 Hosting environment: Development
INFO  12:01:57 Content root path: D:\.NET\Pg_Rental_System\AuthService
INFO  12:01:57 Content root path: D:\.NET\Pg_Rental_System\AuthService
INFO  12:02:54 Authentication initiated
INFO  03:53:00 Application started. Press Ctrl+C to shut down.
INFO  03:53:00 Application started. Press Ctrl+C to shut down.
INFO  03:53:01 Hosting environment: Development
INFO  03:53:01 Hosting environment: Development
INFO  03:53:02 Content root path: D:\.NET\Pg_Rental_System\AuthService
INFO  03:53:02 Content root path: D:\.NET\Pg_Rental_System\AuthService
INFO  03:54:28 Authentication initiated
INFO  03:54:30 Token Generation initiated
INFO  04:04:14 Application started. Press Ctrl+C to shut down.
INFO  04:04:14 Application started. Press Ctrl+C to shut down.
INFO  04:04:14 Hosting environment: Development
INFO  04:04:14 Hosting environment: Development
INFO  04:04:14 Content root path: D:\.NET\Pg_Rental_System\AuthService
INFO  04:04:14 Content root path: D:\.NET\Pg_Rental_System\AuthService
INFO  04:05:33 Authentication initiated
INFO  04:05:42 Token Generation initiated
INFO  04:08:04 Application started. Press Ctrl+C to shut down.
INFO  04:08:04 Application started. Press Ctrl+C to shut down.
INFO  04:08:04 Hosting environment: Development
INFO  04:08:04 Hosting environment: Development
INFO  04:08:04 Content root path: D:\.NET\Pg_Rental_System\AuthService
INFO  04:08:04 Content root path: D:\.NET\Pg_Rental_System\AuthService
INFO  04:08:27 Authentication initiated
INFO  04:08:27 Token Generation initiated
INFO  04:13:31 Application started. Press Ctrl+C to shut down.
INFO  04:13:31 Application started. Press Ctrl+C to shut down.
INFO  04:13:31 Hosting environment: Development
INFO  04:13:31 Hosting environment: Development
INFO  04:13:31 Content root path: D:\.NET\Pg_Rental_System\AuthService
INFO  04:13:31 Content root path: D:\.NET\Pg_Rental_System\AuthService
INFO  04:13:55 Authentication initiated
INFO  04:13:55 Token Generation initiated
INFO  04:21:43 Application started. Press Ctrl+C to shut down.
INFO  04:21:43 Application started. Press Ctrl+C to shut down.
INFO  04:21:43 Hosting environment: Development
INFO  04:21:43 Hosting environment: Development
INFO  04:21:43 Content root path: D:\.NET\Pg_Rental_System\AuthService
INFO  04:21:43 Content root path: D:\.NET\Pg_Rental_System\AuthService
INFO  04:22:04 Authentication initiated
INFO  04:22:04 Token Generation initiated
INFO  04:28:15 Application started. Press Ctrl+C to shut down.
INFO  04:28:15 Application started. Press Ctrl+C to shut down.
INFO  04:28:15 Hosting environment: Development
INFO  04:28:15 Hosting environment: Development
INFO  04:28:15 Content root path: D:\.NET\Pg_Rental_System\AuthService
INFO  04:28:15 Content root path: D:\.NET\Pg_Rental_System\AuthService
INFO  04:28:35 Authentication initiated
INFO  04:28:35 Token Generation initiated
INFO  04:30:12 Application started. Press Ctrl+C to shut down.
INFO  04:30:12 Application started. Press Ctrl+C to shut down.
INFO  04:30:12 Hosting environment: Development
INFO  04:30:12 Hosting environment: Development
INFO  04:30:12 Content root path: D:\.NET\Pg_Rental_System\AuthService
INFO  04:30:12 Content root path: D:\.NET\Pg_Rental_System\AuthService
INFO  04:30:55 Authentication initiated
INFO  04:30:55 Token Generation initiated
INFO  04:37:14 Application started. Press Ctrl+C to shut down.
INFO  04:37:14 Application started. Press Ctrl+C to shut down.
INFO  04:37:14 Hosting environment: Development
INFO  04:37:14 Hosting environment: Development
INFO  04:37:14 Content root path: D:\.NET\Pg_Rental_System\AuthService
INFO  04:37:14 Content root path: D:\.NET\Pg_Rental_System\AuthService
INFO  04:37:35 Authentication initiated
INFO  04:37:35 Token Generation initiated
INFO  04:41:37 Application started. Press Ctrl+C to shut down.
INFO  04:41:37 Application started. Press Ctrl+C to shut down.
INFO  04:41:37 Hosting environment: Development
INFO  04:41:37 Hosting environment: Development
INFO  04:41:37 Content root path: D:\.NET\Pg_Rental_System\AuthService
INFO  04:41:37 Content root path: D:\.NET\Pg_Rental_System\AuthService
INFO  04:42:02 Authentication initiated
INFO  04:42:02 Token Generation initiated
INFO  04:48:52 Application started. Press Ctrl+C to shut down.
INFO  04:48:52 Application started. Press Ctrl+C to shut down.
INFO  04:48:52 Hosting environment: Development
INFO  04:48:52 Hosting environment: Development
INFO  04:48:52 Content root path: D:\.NET\Pg_Rental_System\AuthService
INFO  04:48:52 Content root path: D:\.NET\Pg_Rental_System\AuthService
INFO  04:54:41 Application started. Press Ctrl+C to shut down.
INFO  04:54:41 Application started. Press Ctrl+C to shut down.
INFO  04:54:41 Hosting environment: Development
INFO  04:54:41 Hosting environment: Development
INFO  04:54:41 Content root path: D:\.NET\Pg_Rental_System\AuthService
INFO  04:54:41 Content root path: D:\.NET\Pg_Rental_System\AuthService
INFO  04:55:03 Authentication initiated
INFO  04:55:03 Token Generation initiated
INFO  05:00:04 Application started. Press Ctrl+C to shut down.
INFO  05:00:04 Application started. Press Ctrl+C to shut down.
INFO  05:00:05 Hosting environment: Development
INFO  05:00:05 Hosting environment: Development
INFO  05:00:05 Content root path: D:\.NET\Pg_Rental_System\AuthService
INFO  05:00:05 Content root path: D:\.NET\Pg_Rental_System\AuthService
INFO  05:00:29 Authentication initiated
INFO  05:00:29 Token Generation initiated
INFO  05:04:45 Application started. Press Ctrl+C to shut down.
INFO  05:04:45 Application started. Press Ctrl+C to shut down.
INFO  05:04:45 Hosting environment: Development
INFO  05:04:45 Hosting environment: Development
INFO  05:04:46 Content root path: D:\.NET\Pg_Rental_System\AuthService
INFO  05:04:46 Content root path: D:\.NET\Pg_Rental_System\AuthService
INFO  05:05:11 Authentication initiated
INFO  05:05:11 Token Generation initiated
INFO  05:08:03 Application started. Press Ctrl+C to shut down.
INFO  05:08:03 Application started. Press Ctrl+C to shut down.
INFO  05:08:03 Hosting environment: Development
INFO  05:08:03 Hosting environment: Development
INFO  05:08:03 Content root path: D:\.NET\Pg_Rental_System\AuthService
INFO  05:08:03 Content root path: D:\.NET\Pg_Rental_System\AuthService
INFO  05:08:41 Authentication initiated
INFO  05:08:41 Token Generation initiated
INFO  05:09:44 Authentication initiated
INFO  09:06:00 Application started. Press Ctrl+C to shut down.
INFO  09:06:00 Application started. Press Ctrl+C to shut down.
INFO  09:06:00 Hosting environment: Development
INFO  09:06:00 Hosting environment: Development
INFO  09:06:00 Content root path: D:\.NET\Pg_Rental_System\AuthService
INFO  09:06:00 Content root path: D:\.NET\Pg_Rental_System\AuthService
INFO  09:06:44 Authentication initiated
INFO  09:06:44 Token Generation initiated
INFO  10:14:57 Application started. Press Ctrl+C to shut down.
INFO  10:14:57 Application started. Press Ctrl+C to shut down.
INFO  10:14:57 Hosting environment: Development
INFO  10:14:57 Hosting environment: Development
INFO  10:14:57 Content root path: D:\.NET\Pg_Rental_System\AuthService
INFO  10:14:57 Content root path: D:\.NET\Pg_Rental_System\AuthService
INFO  10:15:20 Authentication initiated
INFO  10:15:20 Token Generation initiated
INFO  10:53:43 Application started. Press Ctrl+C to shut down.
INFO  10:53:43 Application started. Press Ctrl+C to shut down.
INFO  10:53:44 Hosting environment: Development
INFO  10:53:44 Hosting environment: Development
INFO  10:53:44 Content root path: D:\.NET\Pg_Rental_System\AuthService
INFO  10:53:44 Content root path: D:\.NET\Pg_Rental_System\AuthService
INFO  10:54:12 Authentication initiated
INFO  10:54:12 Token Generation initiated
INFO  08:38:29 Application started. Press Ctrl+C to shut down.
INFO  08:38:29 Application started. Press Ctrl+C to shut down.
INFO  08:38:29 Hosting environment: Development
INFO  08:38:29 Hosting environment: Development
INFO  08:38:29 Content root path: D:\.NET\Pg_Rental_System\AuthService
INFO  08:38:29 Content root path: D:\.NET\Pg_Rental_System\AuthService
INFO  08:38:51 Authentication initiated
INFO  08:38:51 Token Generation initiated
INFO  08:35:27 Application started. Press Ctrl+C to shut down.
INFO  08:35:27 Application started. Press Ctrl+C to shut down.
INFO  08:35:27 Hosting environment: Development
INFO  08:35:27 Hosting environment: Development
INFO  08:35:27 Content root path: D:\.NET\Pg_Rental_System\AuthService
INFO  08:35:27 Content root path: D:\.NET\Pg_Rental_System\AuthService
INFO  08:36:17 Authentication initiated
INFO  08:36:17 Token Generation initiated
INFO  09:37:06 Application started. Press Ctrl+C to shut down.
INFO  09:37:06 Application started. Press Ctrl+C to shut down.
INFO  09:37:06 Hosting environment: Development
INFO  09:37:06 Hosting environment: Development
INFO  09:37:06 Content root path: D:\.NET\Pg_Rental_System\AuthService
INFO  09:37:06 Content root path: D:\.NET\Pg_Rental_System\AuthService
INFO  09:37:43 Authentication initiated
INFO  09:37:43 Token Generation initiated
